Using pre-set license
Built from '2021.2/staging' branch; Version is '2021.2.16f1 (559fc0ec6670) revision 5611456'; Using compiler version '192829333'; Build Type 'Release'
OS: 'Windows 10  (10.0.19044) 64bit Professional' Language: 'es' Physical Memory: 12168 MB
BatchMode: 1, IsHumanControllingUs: 0, StartBugReporterOnCrash: 0, Is64bit: 1, IsPro: 1

COMMAND LINE ARGUMENTS:
C:\Program Files\Unity\Hub\Editor\2021.2.16f1\Editor\Unity.exe
-adb2
-batchMode
-noUpm
-name
AssetImportWorker0
-projectPath
C:/Users/lab0317/Desktop/trabajo 3/My project
-logFile
Logs/AssetImportWorker0.log
-srvPort
60330
Successfully changed project path to: C:/Users/lab0317/Desktop/trabajo 3/My project
C:/Users/lab0317/Desktop/trabajo 3/My project
[UnityMemory] Configuration Parameters - Can be set up in boot.config
    "memorysetup-bucket-allocator-granularity=16"
    "memorysetup-bucket-allocator-bucket-count=8"
    "memorysetup-bucket-allocator-block-size=33554432"
    "memorysetup-bucket-allocator-block-count=8"
    "memorysetup-main-allocator-block-size=16777216"
    "memorysetup-thread-allocator-block-size=16777216"
    "memorysetup-gfx-main-allocator-block-size=16777216"
    "memorysetup-gfx-thread-allocator-block-size=16777216"
    "memorysetup-cache-allocator-block-size=4194304"
    "memorysetup-typetree-allocator-block-size=2097152"
    "memorysetup-profiler-bucket-allocator-granularity=16"
    "memorysetup-profiler-bucket-allocator-bucket-count=8"
    "memorysetup-profiler-bucket-allocator-block-size=33554432"
    "memorysetup-profiler-bucket-allocator-block-count=8"
    "memorysetup-profiler-allocator-block-size=16777216"
    "memorysetup-profiler-editor-allocator-block-size=1048576"
    "memorysetup-temp-allocator-size-main=16777216"
    "memorysetup-job-temp-allocator-block-size=2097152"
    "memorysetup-job-temp-allocator-block-size-background=1048576"
    "memorysetup-job-temp-allocator-reduction-small-platforms=262144"
    "memorysetup-temp-allocator-size-background-worker=32768"
    "memorysetup-temp-allocator-size-job-worker=262144"
    "memorysetup-temp-allocator-size-preload-manager=33554432"
    "memorysetup-temp-allocator-size-nav-mesh-worker=65536"
    "memorysetup-temp-allocator-size-audio-worker=65536"
    "memorysetup-temp-allocator-size-cloud-worker=32768"
    "memorysetup-temp-allocator-size-gi-baking-worker=262144"
    "memorysetup-temp-allocator-size-gfx=262144"
Refreshing native plugins compatible for Editor in 96.50 ms, found 3 plugins.
Preloading 0 native plugins for Editor in 0.00 ms.
Initialize engine version: 2021.2.16f1 (559fc0ec6670)
[Subsystems] Discovering subsystems at path C:/Program Files/Unity/Hub/Editor/2021.2.16f1/Editor/Data/Resources/UnitySubsystems
[Subsystems] Discovering subsystems at path C:/Users/lab0317/Desktop/trabajo 3/My project/Assets
GfxDevice: creating device client; threaded=0; jobified=0
Direct3D:
    Version:  Direct3D 11.0 [level 11.1]
    Renderer: Intel(R) HD Graphics 530 (ID=0x1912)
    Vendor:   Intel
    VRAM:     6084 MB
    Driver:   27.20.100.8681
Initialize mono
Mono path[0] = 'C:/Program Files/Unity/Hub/Editor/2021.2.16f1/Editor/Data/Managed'
Mono path[1] = 'C:/Program Files/Unity/Hub/Editor/2021.2.16f1/Editor/Data/MonoBleedingEdge/lib/mono/unityjit-win32'
Mono config path = 'C:/Program Files/Unity/Hub/Editor/2021.2.16f1/Editor/Data/MonoBleedingEdge/etc'
Using monoOptions --debugger-agent=transport=dt_socket,embedding=1,server=y,suspend=n,address=127.0.0.1:56444
Begin MonoManager ReloadAssembly
Registering precompiled unity dll's ...
Register platform support module: C:/Program Files/Unity/Hub/Editor/2021.2.16f1/Editor/Data/PlaybackEngines/AndroidPlayer/UnityEditor.Android.Extensions.dll
Register platform support module: C:/Program Files/Unity/Hub/Editor/2021.2.16f1/Editor/Data/PlaybackEngines/iOSSupport/UnityEditor.iOS.Extensions.dll
Register platform support module: C:/Program Files/Unity/Hub/Editor/2021.2.16f1/Editor/Data/PlaybackEngines/WindowsStandaloneSupport/UnityEditor.WindowsStandalone.Extensions.dll
Registered in 0.013299 seconds.
Native extension for WindowsStandalone target not found
[usbmuxd] Start listen thread
[usbmuxd] Listen thread started
Native extension for iOS target not found
Native extension for Android target not found
Refreshing native plugins compatible for Editor in 147.00 ms, found 3 plugins.
Preloading 0 native plugins for Editor in 0.00 ms.
Mono: successfully reloaded assembly
- Completed reload, in  0.919 seconds
Domain Reload Profiling:
	ReloadAssembly (920ms)
		BeginReloadAssembly (98ms)
			ExecutionOrderSort (0ms)
			DisableScriptedObjects (0ms)
			BackupInstance (0ms)
			ReleaseScriptingObjects (0ms)
			CreateAndSetChildDomain (1ms)
		EndReloadAssembly (672ms)
			LoadAssemblies (95ms)
			RebuildTransferFunctionScriptingTraits (0ms)
			SetupTypeCache (146ms)
			ReleaseScriptCaches (0ms)
			RebuildScriptCaches (39ms)
			SetupLoadedEditorAssemblies (414ms)
				LogAssemblyErrors (0ms)
				InitializePlatformSupportModulesInManaged (83ms)
				SetLoadedEditorAssemblies (0ms)
				RefreshPlugins (147ms)
				BeforeProcessingInitializeOnLoad (1ms)
				ProcessInitializeOnLoadAttributes (130ms)
				ProcessInitializeOnLoadMethodAttributes (52ms)
				AfterProcessingInitializeOnLoad (0ms)
				EditorAssembliesLoaded (0ms)
			ExecutionOrderSort2 (0ms)
			AwakeInstancesAfterBackupRestoration (0ms)
Platform modules already initialized, skipping
Registering precompiled user dll's ...
Registered in 0.006676 seconds.
Begin MonoManager ReloadAssembly
Symbol file LoadedFromMemory doesn't match image C:\Users\lab0317\Desktop\trabajo 3\My project\Library\PackageCache\com.unity.visualscripting@1.7.6\Editor\VisualScripting.Core\Dependencies\YamlDotNet\Unity.VisualScripting.YamlDotNet.dll
Symbol file LoadedFromMemory doesn't match image C:\Users\lab0317\Desktop\trabajo 3\My project\Library\PackageCache\com.unity.visualscripting@1.7.6\Editor\VisualScripting.Core\Dependencies\DotNetZip\Unity.VisualScripting.IonicZip.dll
Native extension for WindowsStandalone target not found
Native extension for iOS target not found
Native extension for Android target not found
Refreshing native plugins compatible for Editor in 0.51 ms, found 3 plugins.
Preloading 0 native plugins for Editor in 0.00 ms.
Mono: successfully reloaded assembly
- Completed reload, in  1.442 seconds
Domain Reload Profiling:
	ReloadAssembly (1443ms)
		BeginReloadAssembly (252ms)
			ExecutionOrderSort (0ms)
			DisableScriptedObjects (6ms)
			BackupInstance (0ms)
			ReleaseScriptingObjects (0ms)
			CreateAndSetChildDomain (128ms)
		EndReloadAssembly (1031ms)
			LoadAssemblies (123ms)
			RebuildTransferFunctionScriptingTraits (0ms)
			SetupTypeCache (355ms)
			ReleaseScriptCaches (1ms)
			RebuildScriptCaches (83ms)
			SetupLoadedEditorAssemblies (434ms)
				LogAssemblyErrors (0ms)
				InitializePlatformSupportModulesInManaged (29ms)
				SetLoadedEditorAssemblies (0ms)
				RefreshPlugins (1ms)
				BeforeProcessingInitializeOnLoad (112ms)
				ProcessInitializeOnLoadAttributes (254ms)
				ProcessInitializeOnLoadMethodAttributes (27ms)
				AfterProcessingInitializeOnLoad (11ms)
				EditorAssembliesLoaded (0ms)
			ExecutionOrderSort2 (0ms)
			AwakeInstancesAfterBackupRestoration (7ms)
Platform modules already initialized, skipping
========================================================================
Worker process is ready to serve import requests
Launched and connected shader compiler UnityShaderCompiler.exe after 0.10 seconds
Refreshing native plugins compatible for Editor in 0.54 ms, found 3 plugins.
Preloading 0 native plugins for Editor in 0.00 ms.
Unloading 3222 Unused Serialized files (Serialized files now loaded: 0)
Unloading 23 unused Assets / (112.5 KB). Loaded Objects now: 3684.
Memory consumption went from 112.1 MB to 111.9 MB.
Total: 4.806600 ms (FindLiveObjects: 0.430900 ms CreateObjectMapping: 0.327500 ms MarkObjects: 3.845000 ms  DeleteObjects: 0.201600 ms)

AssetImportParameters requested are different than current active one (requested -> active):
  custom:video-decoder-ogg-theora: a1e56fd34408186e4bbccfd4996cb3dc -> 
  custom:container-muxer-webm: aa71ff27fc2769a1b78a27578f13a17b -> 
  custom:container-demuxer-webm: 4f35f7cbe854078d1ac9338744f61a02 -> 
  custom:video-encoder-webm-vp8: eb34c28f22e8b96e1ab97ce403110664 -> 
  custom:audio-encoder-webm-vorbis: bf7c407c2cedff20999df2af8eb42d56 -> 
  custom:framework-win-MediaFoundation: 216162199b28c13a410421893ffa2e32 -> 
  custom:container-demuxer-ogg: 62fdf1f143b41e24485cea50d1cbac27 -> 
  custom:video-decoder-webm-vp8: 9c59270c3fd7afecdb556c50c9e8de78 -> 
  custom:audio-decoder-ogg-vorbis: bf7c407c2cedff20999df2af8eb42d56 -> 
========================================================================
Received Import Request.
  Time since last request: 2805.820632 seconds.
  path: Assets/Low Poly Guns/Scripts
  artifactKey: Guid(b6c061788de12f54ea6672a16627499a) Importer(815301076,1909f56bfc062723c751e8b465ee728b)
Start importing Assets/Low Poly Guns/Scripts using Guid(b6c061788de12f54ea6672a16627499a) Importer(815301076,1909f56bfc062723c751e8b465ee728b)  -> (artifact id: '7a2c05ed8fbe2ea2d481ef756700c19b') in 0.007704 seconds 
========================================================================
Received Import Request.
  Time since last request: 5.168464 seconds.
  path: Assets/Low Poly Guns/Scenes/Main.unity
  artifactKey: Guid(46161ae2ae5c611429524b6084701993) Importer(815301076,1909f56bfc062723c751e8b465ee728b)
Start importing Assets/Low Poly Guns/Scenes/Main.unity using Guid(46161ae2ae5c611429524b6084701993) Importer(815301076,1909f56bfc062723c751e8b465ee728b)  -> (artifact id: '48c7344d640e9bbb6d679f5f29920672') in 0.002915 seconds 
========================================================================
Received Prepare
Registering precompiled user dll's ...
Registered in 0.005890 seconds.
Begin MonoManager ReloadAssembly
Symbol file LoadedFromMemory doesn't match image C:\Users\lab0317\Desktop\trabajo 3\My project\Library\PackageCache\com.unity.visualscripting@1.7.6\Editor\VisualScripting.Core\Dependencies\YamlDotNet\Unity.VisualScripting.YamlDotNet.dll
Symbol file LoadedFromMemory doesn't match image C:\Users\lab0317\Desktop\trabajo 3\My project\Library\PackageCache\com.unity.visualscripting@1.7.6\Editor\VisualScripting.Core\Dependencies\DotNetZip\Unity.VisualScripting.IonicZip.dll
Native extension for WindowsStandalone target not found
Native extension for iOS target not found
Native extension for Android target not found
Refreshing native plugins compatible for Editor in 1.65 ms, found 3 plugins.
Preloading 0 native plugins for Editor in 0.00 ms.
Mono: successfully reloaded assembly
- Completed reload, in  2.350 seconds
Domain Reload Profiling:
	ReloadAssembly (2352ms)
		BeginReloadAssembly (212ms)
			ExecutionOrderSort (0ms)
			DisableScriptedObjects (9ms)
			BackupInstance (0ms)
			ReleaseScriptingObjects (0ms)
			CreateAndSetChildDomain (46ms)
		EndReloadAssembly (2013ms)
			LoadAssemblies (146ms)
			RebuildTransferFunctionScriptingTraits (0ms)
			SetupTypeCache (578ms)
			ReleaseScriptCaches (6ms)
			RebuildScriptCaches (158ms)
			SetupLoadedEditorAssemblies (1000ms)
				LogAssemblyErrors (0ms)
				InitializePlatformSupportModulesInManaged (97ms)
				SetLoadedEditorAssemblies (3ms)
				RefreshPlugins (2ms)
				BeforeProcessingInitializeOnLoad (209ms)
				ProcessInitializeOnLoadAttributes (606ms)
				ProcessInitializeOnLoadMethodAttributes (63ms)
				AfterProcessingInitializeOnLoad (21ms)
				EditorAssembliesLoaded (0ms)
			ExecutionOrderSort2 (0ms)
			AwakeInstancesAfterBackupRestoration (17ms)
Platform modules already initialized, skipping
Refreshing native plugins compatible for Editor in 3.31 ms, found 3 plugins.
Preloading 0 native plugins for Editor in 0.00 ms.
Unloading 3217 Unused Serialized files (Serialized files now loaded: 0)
Unloading 16 unused Assets / (79.2 KB). Loaded Objects now: 3687.
Memory consumption went from 112.0 MB to 112.0 MB.
Total: 6.636800 ms (FindLiveObjects: 1.005100 ms CreateObjectMapping: 1.078300 ms MarkObjects: 4.377900 ms  DeleteObjects: 0.172800 ms)

AssetImportParameters requested are different than current active one (requested -> active):
  custom:video-decoder-ogg-theora: a1e56fd34408186e4bbccfd4996cb3dc -> 
  custom:container-muxer-webm: aa71ff27fc2769a1b78a27578f13a17b -> 
  custom:container-demuxer-webm: 4f35f7cbe854078d1ac9338744f61a02 -> 
  custom:video-encoder-webm-vp8: eb34c28f22e8b96e1ab97ce403110664 -> 
  custom:audio-encoder-webm-vorbis: bf7c407c2cedff20999df2af8eb42d56 -> 
  custom:framework-win-MediaFoundation: 216162199b28c13a410421893ffa2e32 -> 
  custom:container-demuxer-ogg: 62fdf1f143b41e24485cea50d1cbac27 -> 
  custom:video-decoder-webm-vp8: 9c59270c3fd7afecdb556c50c9e8de78 -> 
  custom:audio-decoder-ogg-vorbis: bf7c407c2cedff20999df2af8eb42d56 -> 
========================================================================
Received Import Request.
  Time since last request: 92.717353 seconds.
  path: Assets/Low Poly Guns/Materials/Plane.mat
  artifactKey: Guid(e96fa539506a82f4097ae5999f559460) Importer(815301076,1909f56bfc062723c751e8b465ee728b)
Start importing Assets/Low Poly Guns/Materials/Plane.mat using Guid(e96fa539506a82f4097ae5999f559460) Importer(815301076,1909f56bfc062723c751e8b465ee728b)  -> (artifact id: '6c53ce3c12364994809b74b26734c173') in 0.386412 seconds 
========================================================================
Received Prepare
Registering precompiled user dll's ...
Registered in 0.008467 seconds.
Begin MonoManager ReloadAssembly
Symbol file LoadedFromMemory doesn't match image C:\Users\lab0317\Desktop\trabajo 3\My project\Library\PackageCache\com.unity.visualscripting@1.7.6\Editor\VisualScripting.Core\Dependencies\YamlDotNet\Unity.VisualScripting.YamlDotNet.dll
Symbol file LoadedFromMemory doesn't match image C:\Users\lab0317\Desktop\trabajo 3\My project\Library\PackageCache\com.unity.visualscripting@1.7.6\Editor\VisualScripting.Core\Dependencies\DotNetZip\Unity.VisualScripting.IonicZip.dll
Native extension for WindowsStandalone target not found
Native extension for iOS target not found
Native extension for Android target not found
Refreshing native plugins compatible for Editor in 1.14 ms, found 3 plugins.
Preloading 0 native plugins for Editor in 0.00 ms.
Mono: successfully reloaded assembly
- Completed reload, in  2.172 seconds
Domain Reload Profiling:
	ReloadAssembly (2173ms)
		BeginReloadAssembly (171ms)
			ExecutionOrderSort (0ms)
			DisableScriptedObjects (5ms)
			BackupInstance (0ms)
			ReleaseScriptingObjects (0ms)
			CreateAndSetChildDomain (43ms)
		EndReloadAssembly (1883ms)
			LoadAssemblies (116ms)
			RebuildTransferFunctionScriptingTraits (0ms)
			SetupTypeCache (484ms)
			ReleaseScriptCaches (2ms)
			RebuildScriptCaches (127ms)
			SetupLoadedEditorAssemblies (970ms)
				LogAssemblyErrors (0ms)
				InitializePlatformSupportModulesInManaged (98ms)
				SetLoadedEditorAssemblies (1ms)
				RefreshPlugins (1ms)
				BeforeProcessingInitializeOnLoad (162ms)
				ProcessInitializeOnLoadAttributes (594ms)
				ProcessInitializeOnLoadMethodAttributes (78ms)
				AfterProcessingInitializeOnLoad (35ms)
				EditorAssembliesLoaded (1ms)
			ExecutionOrderSort2 (0ms)
			AwakeInstancesAfterBackupRestoration (22ms)
Platform modules already initialized, skipping
Refreshing native plugins compatible for Editor in 4.03 ms, found 3 plugins.
Preloading 0 native plugins for Editor in 0.00 ms.
Unloading 3217 Unused Serialized files (Serialized files now loaded: 0)
Unloading 16 unused Assets / (79.3 KB). Loaded Objects now: 3729.
Memory consumption went from 116.6 MB to 116.5 MB.
Total: 11.963200 ms (FindLiveObjects: 1.326900 ms CreateObjectMapping: 1.200200 ms MarkObjects: 9.125700 ms  DeleteObjects: 0.305700 ms)

AssetImportParameters requested are different than current active one (requested -> active):
  custom:video-decoder-ogg-theora: a1e56fd34408186e4bbccfd4996cb3dc -> 
  custom:container-muxer-webm: aa71ff27fc2769a1b78a27578f13a17b -> 
  custom:container-demuxer-webm: 4f35f7cbe854078d1ac9338744f61a02 -> 
  custom:video-encoder-webm-vp8: eb34c28f22e8b96e1ab97ce403110664 -> 
  custom:audio-encoder-webm-vorbis: bf7c407c2cedff20999df2af8eb42d56 -> 
  custom:framework-win-MediaFoundation: 216162199b28c13a410421893ffa2e32 -> 
  custom:container-demuxer-ogg: 62fdf1f143b41e24485cea50d1cbac27 -> 
  custom:video-decoder-webm-vp8: 9c59270c3fd7afecdb556c50c9e8de78 -> 
  custom:audio-decoder-ogg-vorbis: bf7c407c2cedff20999df2af8eb42d56 -> 
========================================================================
Received Prepare
Registering precompiled user dll's ...
Registered in 0.007590 seconds.
Begin MonoManager ReloadAssembly
Symbol file LoadedFromMemory doesn't match image C:\Users\lab0317\Desktop\trabajo 3\My project\Library\PackageCache\com.unity.visualscripting@1.7.6\Editor\VisualScripting.Core\Dependencies\YamlDotNet\Unity.VisualScripting.YamlDotNet.dll
Symbol file LoadedFromMemory doesn't match image C:\Users\lab0317\Desktop\trabajo 3\My project\Library\PackageCache\com.unity.visualscripting@1.7.6\Editor\VisualScripting.Core\Dependencies\DotNetZip\Unity.VisualScripting.IonicZip.dll
Native extension for WindowsStandalone target not found
Native extension for iOS target not found
Native extension for Android target not found
Refreshing native plugins compatible for Editor in 1.53 ms, found 3 plugins.
Preloading 0 native plugins for Editor in 0.00 ms.
Mono: successfully reloaded assembly
- Completed reload, in  2.283 seconds
Domain Reload Profiling:
	ReloadAssembly (2284ms)
		BeginReloadAssembly (168ms)
			ExecutionOrderSort (0ms)
			DisableScriptedObjects (6ms)
			BackupInstance (0ms)
			ReleaseScriptingObjects (0ms)
			CreateAndSetChildDomain (37ms)
		EndReloadAssembly (2003ms)
			LoadAssemblies (116ms)
			RebuildTransferFunctionScriptingTraits (0ms)
			SetupTypeCache (568ms)
			ReleaseScriptCaches (6ms)
			RebuildScriptCaches (124ms)
			SetupLoadedEditorAssemblies (1017ms)
				LogAssemblyErrors (0ms)
				InitializePlatformSupportModulesInManaged (95ms)
				SetLoadedEditorAssemblies (1ms)
				RefreshPlugins (2ms)
				BeforeProcessingInitializeOnLoad (166ms)
				ProcessInitializeOnLoadAttributes (657ms)
				ProcessInitializeOnLoadMethodAttributes (76ms)
				AfterProcessingInitializeOnLoad (19ms)
				EditorAssembliesLoaded (0ms)
			ExecutionOrderSort2 (0ms)
			AwakeInstancesAfterBackupRestoration (15ms)
Platform modules already initialized, skipping
Refreshing native plugins compatible for Editor in 7.13 ms, found 3 plugins.
Preloading 0 native plugins for Editor in 0.00 ms.
Unloading 3217 Unused Serialized files (Serialized files now loaded: 0)
Unloading 16 unused Assets / (79.2 KB). Loaded Objects now: 3732.
Memory consumption went from 116.6 MB to 116.5 MB.
Total: 11.294900 ms (FindLiveObjects: 1.494200 ms CreateObjectMapping: 1.425700 ms MarkObjects: 7.887900 ms  DeleteObjects: 0.478900 ms)

AssetImportParameters requested are different than current active one (requested -> active):
  custom:video-decoder-ogg-theora: a1e56fd34408186e4bbccfd4996cb3dc -> 
  custom:container-muxer-webm: aa71ff27fc2769a1b78a27578f13a17b -> 
  custom:container-demuxer-webm: 4f35f7cbe854078d1ac9338744f61a02 -> 
  custom:video-encoder-webm-vp8: eb34c28f22e8b96e1ab97ce403110664 -> 
  custom:audio-encoder-webm-vorbis: bf7c407c2cedff20999df2af8eb42d56 -> 
  custom:framework-win-MediaFoundation: 216162199b28c13a410421893ffa2e32 -> 
  custom:container-demuxer-ogg: 62fdf1f143b41e24485cea50d1cbac27 -> 
  custom:video-decoder-webm-vp8: 9c59270c3fd7afecdb556c50c9e8de78 -> 
  custom:audio-decoder-ogg-vorbis: bf7c407c2cedff20999df2af8eb42d56 -> 
========================================================================
Received Prepare
Registering precompiled user dll's ...
Registered in 0.005785 seconds.
Begin MonoManager ReloadAssembly
Symbol file LoadedFromMemory doesn't match image C:\Users\lab0317\Desktop\trabajo 3\My project\Library\PackageCache\com.unity.visualscripting@1.7.6\Editor\VisualScripting.Core\Dependencies\YamlDotNet\Unity.VisualScripting.YamlDotNet.dll
Symbol file LoadedFromMemory doesn't match image C:\Users\lab0317\Desktop\trabajo 3\My project\Library\PackageCache\com.unity.visualscripting@1.7.6\Editor\VisualScripting.Core\Dependencies\DotNetZip\Unity.VisualScripting.IonicZip.dll
Native extension for WindowsStandalone target not found
Native extension for iOS target not found
Native extension for Android target not found
Refreshing native plugins compatible for Editor in 0.96 ms, found 3 plugins.
Preloading 0 native plugins for Editor in 0.00 ms.
Mono: successfully reloaded assembly
- Completed reload, in  1.261 seconds
Domain Reload Profiling:
	ReloadAssembly (1263ms)
		BeginReloadAssembly (155ms)
			ExecutionOrderSort (0ms)
			DisableScriptedObjects (7ms)
			BackupInstance (0ms)
			ReleaseScriptingObjects (0ms)
			CreateAndSetChildDomain (43ms)
		EndReloadAssembly (984ms)
			LoadAssemblies (101ms)
			RebuildTransferFunctionScriptingTraits (0ms)
			SetupTypeCache (304ms)
			ReleaseScriptCaches (1ms)
			RebuildScriptCaches (53ms)
			SetupLoadedEditorAssemblies (435ms)
				LogAssemblyErrors (0ms)
				InitializePlatformSupportModulesInManaged (45ms)
				SetLoadedEditorAssemblies (1ms)
				RefreshPlugins (1ms)
				BeforeProcessingInitializeOnLoad (83ms)
				ProcessInitializeOnLoadAttributes (239ms)
				ProcessInitializeOnLoadMethodAttributes (46ms)
				AfterProcessingInitializeOnLoad (20ms)
				EditorAssembliesLoaded (0ms)
			ExecutionOrderSort2 (0ms)
			AwakeInstancesAfterBackupRestoration (22ms)
Platform modules already initialized, skipping
Refreshing native plugins compatible for Editor in 2.58 ms, found 3 plugins.
Preloading 0 native plugins for Editor in 0.00 ms.
Unloading 3222 Unused Serialized files (Serialized files now loaded: 0)
Unloading 19 unused Assets / (494.6 KB). Loaded Objects now: 3737.
Memory consumption went from 117.4 MB to 116.9 MB.
Total: 3.353500 ms (FindLiveObjects: 0.335700 ms CreateObjectMapping: 0.222400 ms MarkObjects: 2.520600 ms  DeleteObjects: 0.273600 ms)

AssetImportParameters requested are different than current active one (requested -> active):
  custom:video-decoder-ogg-theora: a1e56fd34408186e4bbccfd4996cb3dc -> 
  custom:container-muxer-webm: aa71ff27fc2769a1b78a27578f13a17b -> 
  custom:container-demuxer-webm: 4f35f7cbe854078d1ac9338744f61a02 -> 
  custom:video-encoder-webm-vp8: eb34c28f22e8b96e1ab97ce403110664 -> 
  custom:audio-encoder-webm-vorbis: bf7c407c2cedff20999df2af8eb42d56 -> 
  custom:framework-win-MediaFoundation: 216162199b28c13a410421893ffa2e32 -> 
  custom:container-demuxer-ogg: 62fdf1f143b41e24485cea50d1cbac27 -> 
  custom:video-decoder-webm-vp8: 9c59270c3fd7afecdb556c50c9e8de78 -> 
  custom:audio-decoder-ogg-vorbis: bf7c407c2cedff20999df2af8eb42d56 -> 
========================================================================
Received Import Request.
  Time since last request: 291.367545 seconds.
  path: Assets/Destroyed_city_FREE/Scenes
  artifactKey: Guid(605ecf3e3c649be43bf20d06be2ce220) Importer(815301076,1909f56bfc062723c751e8b465ee728b)
Start importing Assets/Destroyed_city_FREE/Scenes using Guid(605ecf3e3c649be43bf20d06be2ce220) Importer(815301076,1909f56bfc062723c751e8b465ee728b)  -> (artifact id: '5c12791e8bbe64c574ef64291644152f') in 0.005720 seconds 
========================================================================
Received Import Request.
  Time since last request: 0.029187 seconds.
  path: Assets/Destroyed_city_FREE/Scenes/Terrain destroyed_city.asset
  artifactKey: Guid(a7464d9a0a8339e41b7a7b292819d51b) Importer(815301076,1909f56bfc062723c751e8b465ee728b)
Start importing Assets/Destroyed_city_FREE/Scenes/Terrain destroyed_city.asset using Guid(a7464d9a0a8339e41b7a7b292819d51b) Importer(815301076,1909f56bfc062723c751e8b465ee728b) 


 -> (artifact id: 'af28382db802a2cbb0827eeb449d39d1') in 0.254299 seconds 
========================================================================
Received Import Request.
  Time since last request: 1.421417 seconds.
  path: Assets/Destroyed_city_FREE/Scenes/destroyed_city.unity
  artifactKey: Guid(dab52a771d551ca40930496e8e13757a) Importer(815301076,1909f56bfc062723c751e8b465ee728b)
Start importing Assets/Destroyed_city_FREE/Scenes/destroyed_city.unity using Guid(dab52a771d551ca40930496e8e13757a) Importer(815301076,1909f56bfc062723c751e8b465ee728b)  -> (artifact id: '6bb9362ba1e316ffdbe50b9e094e3422') in 0.001881 seconds 
========================================================================
Received Import Request.
  Time since last request: 679.752822 seconds.
  path: Assets/Destroyed_city_FREE/Scenes/Terrain destroyed_city.asset
  artifactKey: Guid(a7464d9a0a8339e41b7a7b292819d51b) Importer(815301076,1909f56bfc062723c751e8b465ee728b)
Start importing Assets/Destroyed_city_FREE/Scenes/Terrain destroyed_city.asset using Guid(a7464d9a0a8339e41b7a7b292819d51b) Importer(815301076,1909f56bfc062723c751e8b465ee728b) 


 -> (artifact id: '600c3d3f363edaf063267fe9909f25b5') in 0.091206 seconds 
========================================================================
Received Import Request.
  Time since last request: 6.677674 seconds.
  path: Assets/Destroyed_city_FREE/Prefabs/wrak_budova.prefab
  artifactKey: Guid(19e3bec5d2084834e86823c680ab9eb1) Importer(815301076,1909f56bfc062723c751e8b465ee728b)
Start importing Assets/Destroyed_city_FREE/Prefabs/wrak_budova.prefab using Guid(19e3bec5d2084834e86823c680ab9eb1) Importer(815301076,1909f56bfc062723c751e8b465ee728b)  -> (artifact id: '4f6bbc4a2df1ef3572de994bd2e81e0b') in 0.534385 seconds 
========================================================================
Received Import Request.
  Time since last request: 3.092214 seconds.
  path: Assets/_GhoulZombie/Black.mat
  artifactKey: Guid(5cd795b281bbe8c4b9a49869782d03ee) Importer(815301076,1909f56bfc062723c751e8b465ee728b)
Start importing Assets/_GhoulZombie/Black.mat using Guid(5cd795b281bbe8c4b9a49869782d03ee) Importer(815301076,1909f56bfc062723c751e8b465ee728b)  -> (artifact id: 'fb20bee8f911e9b52f9840f5b057d20d') in 0.088856 seconds 
========================================================================
Received Import Request.
  Time since last request: 0.000018 seconds.
  path: Assets/_GhoulZombie/Ghoul_Volume4_metalness.png
  artifactKey: Guid(f7bd4adfab4d5844c8366c32947d5c97) Importer(815301076,1909f56bfc062723c751e8b465ee728b)
Start importing Assets/_GhoulZombie/Ghoul_Volume4_metalness.png using Guid(f7bd4adfab4d5844c8366c32947d5c97) Importer(815301076,1909f56bfc062723c751e8b465ee728b)  -> (artifact id: '175f2df71aaf0c88b227a9ecb9e48495') in 0.125260 seconds 
========================================================================
Received Import Request.
  Time since last request: 0.000024 seconds.
  path: Assets/_GhoulZombie/PPS_Ghoul.asset
  artifactKey: Guid(01ea3b62903a0b4449c9b786c0ca6b8d) Importer(815301076,1909f56bfc062723c751e8b465ee728b)
Start importing Assets/_GhoulZombie/PPS_Ghoul.asset using Guid(01ea3b62903a0b4449c9b786c0ca6b8d) Importer(815301076,1909f56bfc062723c751e8b465ee728b)  -> (artifact id: 'beef58cb1acd3f8092e65e5cb31ae1c6') in 0.003273 seconds 
========================================================================
Received Import Request.
  Time since last request: 0.000028 seconds.
  path: Assets/_GhoulZombie/Ghoul_Volume4_nmap.png
  artifactKey: Guid(a2d6e635b41117a4a95cf5f6b465717a) Importer(815301076,1909f56bfc062723c751e8b465ee728b)
Start importing Assets/_GhoulZombie/Ghoul_Volume4_nmap.png using Guid(a2d6e635b41117a4a95cf5f6b465717a) Importer(815301076,1909f56bfc062723c751e8b465ee728b)  -> (artifact id: '597cd8d018fb380608e758c585fb5997') in 0.025043 seconds 
========================================================================
Received Import Request.
  Time since last request: 0.000035 seconds.
  path: Assets/_GhoulZombie/Ghoul_Volume4_gloss.png
  artifactKey: Guid(047a953b8df09e64b97dd542316e9c9c) Importer(815301076,1909f56bfc062723c751e8b465ee728b)
Start importing Assets/_GhoulZombie/Ghoul_Volume4_gloss.png using Guid(047a953b8df09e64b97dd542316e9c9c) Importer(815301076,1909f56bfc062723c751e8b465ee728b)  -> (artifact id: 'd718fb55abc75f5c4ff43df631cff075') in 0.061467 seconds 
========================================================================
Received Import Request.
  Time since last request: 0.000073 seconds.
  path: Assets/_GhoulZombie/Ghoul_Volume4_emissive.png
  artifactKey: Guid(d5f1f1cb4a703a044a11cf51d65faa5a) Importer(815301076,1909f56bfc062723c751e8b465ee728b)
Start importing Assets/_GhoulZombie/Ghoul_Volume4_emissive.png using Guid(d5f1f1cb4a703a044a11cf51d65faa5a) Importer(815301076,1909f56bfc062723c751e8b465ee728b)  -> (artifact id: '87b8e758395187938d337709d51f0332') in 0.040592 seconds 
========================================================================
Received Import Request.
  Time since last request: 0.000064 seconds.
  path: Assets/_GhoulZombie/GhoulMaterial.mat
  artifactKey: Guid(7e013ff2514571042a1ac03d3b6f9eef) Importer(815301076,1909f56bfc062723c751e8b465ee728b)
Start importing Assets/_GhoulZombie/GhoulMaterial.mat using Guid(7e013ff2514571042a1ac03d3b6f9eef) Importer(815301076,1909f56bfc062723c751e8b465ee728b)  -> (artifact id: '3a6ad983f354fed3ce221b933cf8bf32') in 0.106471 seconds 
========================================================================
Received Import Request.
  Time since last request: 0.000200 seconds.
  path: Assets/_GhoulZombie/Ghoul_Volume4_color.png
  artifactKey: Guid(7307144979bf7df459af1937d7a73ace) Importer(815301076,1909f56bfc062723c751e8b465ee728b)
Start importing Assets/_GhoulZombie/Ghoul_Volume4_color.png using Guid(7307144979bf7df459af1937d7a73ace) Importer(815301076,1909f56bfc062723c751e8b465ee728b)  -> (artifact id: '6f465d609acdd714caf56560c591ff15') in 0.029491 seconds 
========================================================================
Received Import Request.
  Time since last request: 0.000038 seconds.
  path: Assets/_GhoulZombie/Ghoul.prefab
  artifactKey: Guid(227ee07e9e5b7914ba8fbb8f430be9a5) Importer(815301076,1909f56bfc062723c751e8b465ee728b)
Start importing Assets/_GhoulZombie/Ghoul.prefab using Guid(227ee07e9e5b7914ba8fbb8f430be9a5) Importer(815301076,1909f56bfc062723c751e8b465ee728b)  -> (artifact id: 'd949457f27e61917e758558dfe87705e') in 0.093793 seconds 
========================================================================
Received Import Request.
  Time since last request: 5.045806 seconds.
  path: Assets/_GhoulZombie/GhoulScene.unity
  artifactKey: Guid(85b08af126c9990409c1c4ed5eec814d) Importer(815301076,1909f56bfc062723c751e8b465ee728b)
Start importing Assets/_GhoulZombie/GhoulScene.unity using Guid(85b08af126c9990409c1c4ed5eec814d) Importer(815301076,1909f56bfc062723c751e8b465ee728b)  -> (artifact id: '39c9e9ad114c07523b89ea5e05688e8e') in 0.003316 seconds 
========================================================================
Received Prepare
Registering precompiled user dll's ...
Registered in 0.006425 seconds.
Begin MonoManager ReloadAssembly
Symbol file LoadedFromMemory doesn't match image C:\Users\lab0317\Desktop\trabajo 3\My project\Library\PackageCache\com.unity.visualscripting@1.7.6\Editor\VisualScripting.Core\Dependencies\YamlDotNet\Unity.VisualScripting.YamlDotNet.dll
Symbol file LoadedFromMemory doesn't match image C:\Users\lab0317\Desktop\trabajo 3\My project\Library\PackageCache\com.unity.visualscripting@1.7.6\Editor\VisualScripting.Core\Dependencies\DotNetZip\Unity.VisualScripting.IonicZip.dll
Native extension for WindowsStandalone target not found
Native extension for iOS target not found
Native extension for Android target not found
Refreshing native plugins compatible for Editor in 1.43 ms, found 3 plugins.
Preloading 0 native plugins for Editor in 0.00 ms.
Mono: successfully reloaded assembly
- Completed reload, in  2.364 seconds
Domain Reload Profiling:
	ReloadAssembly (2366ms)
		BeginReloadAssembly (410ms)
			ExecutionOrderSort (0ms)
			DisableScriptedObjects (13ms)
			BackupInstance (0ms)
			ReleaseScriptingObjects (2ms)
			CreateAndSetChildDomain (137ms)
		EndReloadAssembly (1738ms)
			LoadAssemblies (236ms)
			RebuildTransferFunctionScriptingTraits (0ms)
			SetupTypeCache (577ms)
			ReleaseScriptCaches (6ms)
			RebuildScriptCaches (107ms)
			SetupLoadedEditorAssemblies (755ms)
				LogAssemblyErrors (0ms)
				InitializePlatformSupportModulesInManaged (73ms)
				SetLoadedEditorAssemblies (1ms)
				RefreshPlugins (2ms)
				BeforeProcessingInitializeOnLoad (136ms)
				ProcessInitializeOnLoadAttributes (471ms)
				ProcessInitializeOnLoadMethodAttributes (56ms)
				AfterProcessingInitializeOnLoad (17ms)
				EditorAssembliesLoaded (0ms)
			ExecutionOrderSort2 (0ms)
			AwakeInstancesAfterBackupRestoration (15ms)
Platform modules already initialized, skipping
Refreshing native plugins compatible for Editor in 3.86 ms, found 3 plugins.
Preloading 0 native plugins for Editor in 0.00 ms.
Unloading 3221 Unused Serialized files (Serialized files now loaded: 0)
Unloading 19 unused Assets / (0.7 MB). Loaded Objects now: 3756.
Memory consumption went from 133.1 MB to 132.4 MB.
Total: 7.600500 ms (FindLiveObjects: 0.510100 ms CreateObjectMapping: 0.319300 ms MarkObjects: 6.202900 ms  DeleteObjects: 0.565800 ms)

AssetImportParameters requested are different than current active one (requested -> active):
  custom:video-decoder-ogg-theora: a1e56fd34408186e4bbccfd4996cb3dc -> 
  custom:container-muxer-webm: aa71ff27fc2769a1b78a27578f13a17b -> 
  custom:container-demuxer-webm: 4f35f7cbe854078d1ac9338744f61a02 -> 
  custom:video-encoder-webm-vp8: eb34c28f22e8b96e1ab97ce403110664 -> 
  custom:audio-encoder-webm-vorbis: bf7c407c2cedff20999df2af8eb42d56 -> 
  custom:framework-win-MediaFoundation: 216162199b28c13a410421893ffa2e32 -> 
  custom:container-demuxer-ogg: 62fdf1f143b41e24485cea50d1cbac27 -> 
  custom:video-decoder-webm-vp8: 9c59270c3fd7afecdb556c50c9e8de78 -> 
  custom:audio-decoder-ogg-vorbis: bf7c407c2cedff20999df2af8eb42d56 -> 
========================================================================
Received Prepare
Registering precompiled user dll's ...
Registered in 0.006822 seconds.
Begin MonoManager ReloadAssembly
Symbol file LoadedFromMemory doesn't match image C:\Users\lab0317\Desktop\trabajo 3\My project\Library\PackageCache\com.unity.visualscripting@1.7.6\Editor\VisualScripting.Core\Dependencies\YamlDotNet\Unity.VisualScripting.YamlDotNet.dll
Symbol file LoadedFromMemory doesn't match image C:\Users\lab0317\Desktop\trabajo 3\My project\Library\PackageCache\com.unity.visualscripting@1.7.6\Editor\VisualScripting.Core\Dependencies\DotNetZip\Unity.VisualScripting.IonicZip.dll
Native extension for WindowsStandalone target not found
Native extension for iOS target not found
Native extension for Android target not found
Refreshing native plugins compatible for Editor in 1.22 ms, found 3 plugins.
Preloading 0 native plugins for Editor in 0.00 ms.
Mono: successfully reloaded assembly
- Completed reload, in  1.675 seconds
Domain Reload Profiling:
	ReloadAssembly (1676ms)
		BeginReloadAssembly (181ms)
			ExecutionOrderSort (0ms)
			DisableScriptedObjects (6ms)
			BackupInstance (0ms)
			ReleaseScriptingObjects (0ms)
			CreateAndSetChildDomain (60ms)
		EndReloadAssembly (1375ms)
			LoadAssemblies (103ms)
			RebuildTransferFunctionScriptingTraits (0ms)
			SetupTypeCache (403ms)
			ReleaseScriptCaches (2ms)
			RebuildScriptCaches (98ms)
			SetupLoadedEditorAssemblies (657ms)
				LogAssemblyErrors (0ms)
				InitializePlatformSupportModulesInManaged (84ms)
				SetLoadedEditorAssemblies (1ms)
				RefreshPlugins (1ms)
				BeforeProcessingInitializeOnLoad (146ms)
				ProcessInitializeOnLoadAttributes (367ms)
				ProcessInitializeOnLoadMethodAttributes (41ms)
				AfterProcessingInitializeOnLoad (16ms)
				EditorAssembliesLoaded (0ms)
			ExecutionOrderSort2 (0ms)
			AwakeInstancesAfterBackupRestoration (10ms)
Platform modules already initialized, skipping
Refreshing native plugins compatible for Editor in 2.92 ms, found 3 plugins.
Preloading 0 native plugins for Editor in 0.00 ms.
Unloading 3220 Unused Serialized files (Serialized files now loaded: 0)
Unloading 17 unused Assets / (163.6 KB). Loaded Objects now: 3759.
Memory consumption went from 132.4 MB to 132.3 MB.
Total: 3.393200 ms (FindLiveObjects: 0.390000 ms CreateObjectMapping: 0.160700 ms MarkObjects: 2.546400 ms  DeleteObjects: 0.294700 ms)

AssetImportParameters requested are different than current active one (requested -> active):
  custom:video-decoder-ogg-theora: a1e56fd34408186e4bbccfd4996cb3dc -> 
  custom:container-muxer-webm: aa71ff27fc2769a1b78a27578f13a17b -> 
  custom:container-demuxer-webm: 4f35f7cbe854078d1ac9338744f61a02 -> 
  custom:video-encoder-webm-vp8: eb34c28f22e8b96e1ab97ce403110664 -> 
  custom:audio-encoder-webm-vorbis: bf7c407c2cedff20999df2af8eb42d56 -> 
  custom:framework-win-MediaFoundation: 216162199b28c13a410421893ffa2e32 -> 
  custom:container-demuxer-ogg: 62fdf1f143b41e24485cea50d1cbac27 -> 
  custom:video-decoder-webm-vp8: 9c59270c3fd7afecdb556c50c9e8de78 -> 
  custom:audio-decoder-ogg-vorbis: bf7c407c2cedff20999df2af8eb42d56 -> 
========================================================================
Received Prepare
Registering precompiled user dll's ...
Registered in 0.010270 seconds.
Begin MonoManager ReloadAssembly
Symbol file LoadedFromMemory doesn't match image C:\Users\lab0317\Desktop\trabajo 3\My project\Library\PackageCache\com.unity.visualscripting@1.7.6\Editor\VisualScripting.Core\Dependencies\YamlDotNet\Unity.VisualScripting.YamlDotNet.dll
Symbol file LoadedFromMemory doesn't match image C:\Users\lab0317\Desktop\trabajo 3\My project\Library\PackageCache\com.unity.visualscripting@1.7.6\Editor\VisualScripting.Core\Dependencies\DotNetZip\Unity.VisualScripting.IonicZip.dll
Native extension for WindowsStandalone target not found
Native extension for iOS target not found
Native extension for Android target not found
Refreshing native plugins compatible for Editor in 0.61 ms, found 3 plugins.
Preloading 0 native plugins for Editor in 0.00 ms.
Mono: successfully reloaded assembly
- Completed reload, in  1.176 seconds
Domain Reload Profiling:
	ReloadAssembly (1177ms)
		BeginReloadAssembly (170ms)
			ExecutionOrderSort (0ms)
			DisableScriptedObjects (6ms)
			BackupInstance (0ms)
			ReleaseScriptingObjects (0ms)
			CreateAndSetChildDomain (41ms)
		EndReloadAssembly (887ms)
			LoadAssemblies (117ms)
			RebuildTransferFunctionScriptingTraits (0ms)
			SetupTypeCache (352ms)
			ReleaseScriptCaches (1ms)
			RebuildScriptCaches (43ms)
			SetupLoadedEditorAssemblies (355ms)
				LogAssemblyErrors (0ms)
				InitializePlatformSupportModulesInManaged (43ms)
				SetLoadedEditorAssemblies (1ms)
				RefreshPlugins (1ms)
				BeforeProcessingInitializeOnLoad (75ms)
				ProcessInitializeOnLoadAttributes (202ms)
				ProcessInitializeOnLoadMethodAttributes (23ms)
				AfterProcessingInitializeOnLoad (10ms)
				EditorAssembliesLoaded (0ms)
			ExecutionOrderSort2 (0ms)
			AwakeInstancesAfterBackupRestoration (7ms)
Platform modules already initialized, skipping
Refreshing native plugins compatible for Editor in 3.65 ms, found 3 plugins.
Preloading 0 native plugins for Editor in 0.00 ms.
Unloading 3224 Unused Serialized files (Serialized files now loaded: 0)
Unloading 17 unused Assets / (163.5 KB). Loaded Objects now: 3766.
Memory consumption went from 132.5 MB to 132.4 MB.
Total: 3.293700 ms (FindLiveObjects: 0.263100 ms CreateObjectMapping: 0.149300 ms MarkObjects: 2.763800 ms  DeleteObjects: 0.116400 ms)

AssetImportParameters requested are different than current active one (requested -> active):
  custom:video-decoder-ogg-theora: a1e56fd34408186e4bbccfd4996cb3dc -> 
  custom:container-muxer-webm: aa71ff27fc2769a1b78a27578f13a17b -> 
  custom:container-demuxer-webm: 4f35f7cbe854078d1ac9338744f61a02 -> 
  custom:video-encoder-webm-vp8: eb34c28f22e8b96e1ab97ce403110664 -> 
  custom:audio-encoder-webm-vorbis: bf7c407c2cedff20999df2af8eb42d56 -> 
  custom:framework-win-MediaFoundation: 216162199b28c13a410421893ffa2e32 -> 
  custom:container-demuxer-ogg: 62fdf1f143b41e24485cea50d1cbac27 -> 
  custom:video-decoder-webm-vp8: 9c59270c3fd7afecdb556c50c9e8de78 -> 
  custom:audio-decoder-ogg-vorbis: bf7c407c2cedff20999df2af8eb42d56 -> 
========================================================================
Received Import Request.
  Time since last request: 191.501055 seconds.
  path: Assets/Tensori/SkinlessZombie
  artifactKey: Guid(4be99ed446e7ef743b390d5b04e32c07) Importer(815301076,1909f56bfc062723c751e8b465ee728b)
Start importing Assets/Tensori/SkinlessZombie using Guid(4be99ed446e7ef743b390d5b04e32c07) Importer(815301076,1909f56bfc062723c751e8b465ee728b)  -> (artifact id: 'f37389b6a82f1ce73ffa50df47ab2fb2') in 0.006457 seconds 
========================================================================
Received Import Request.
  Time since last request: 5.035503 seconds.
  path: Assets/Tensori/SkinlessZombie/Demo
  artifactKey: Guid(1c058a9e9601b4d4abc85181a59f69b9) Importer(815301076,1909f56bfc062723c751e8b465ee728b)
Start importing Assets/Tensori/SkinlessZombie/Demo using Guid(1c058a9e9601b4d4abc85181a59f69b9) Importer(815301076,1909f56bfc062723c751e8b465ee728b)  -> (artifact id: 'f0f229d63088e873107bd27bec9cdfd3') in 0.002577 seconds 
========================================================================
Received Import Request.
  Time since last request: 0.608888 seconds.
  path: Assets/Tensori/SkinlessZombie/Demo/Night.unity
  artifactKey: Guid(3a49ae63850038c4fa921b17e486989f) Importer(815301076,1909f56bfc062723c751e8b465ee728b)
Start importing Assets/Tensori/SkinlessZombie/Demo/Night.unity using Guid(3a49ae63850038c4fa921b17e486989f) Importer(815301076,1909f56bfc062723c751e8b465ee728b)  -> (artifact id: '0addfab77e1419b1cc337d8f60833576') in 0.001955 seconds 
========================================================================
Received Import Request.
  Time since last request: 44.456649 seconds.
  path: Assets/Tensori/SkinlessZombie/Demo/Night
  artifactKey: Guid(747b677e42bdacf46b990f1c9b68be86) Importer(815301076,1909f56bfc062723c751e8b465ee728b)
Start importing Assets/Tensori/SkinlessZombie/Demo/Night using Guid(747b677e42bdacf46b990f1c9b68be86) Importer(815301076,1909f56bfc062723c751e8b465ee728b)  -> (artifact id: 'afdb908ae55c229d9c18934b95a83341') in 0.002743 seconds 
========================================================================
Received Import Request.
  Time since last request: 0.055571 seconds.
  path: Assets/Tensori/SkinlessZombie/Demo/Night/LightingData.asset
  artifactKey: Guid(4437e52497d6d144fadc2f55fbd16e39) Importer(815301076,1909f56bfc062723c751e8b465ee728b)
Start importing Assets/Tensori/SkinlessZombie/Demo/Night/LightingData.asset using Guid(4437e52497d6d144fadc2f55fbd16e39) Importer(815301076,1909f56bfc062723c751e8b465ee728b)  -> (artifact id: '5701dde065d1a47c9c4774d706c46193') in 0.016166 seconds 
========================================================================
Received Prepare
Registering precompiled user dll's ...
Registered in 0.007392 seconds.
Begin MonoManager ReloadAssembly
Symbol file LoadedFromMemory doesn't match image C:\Users\lab0317\Desktop\trabajo 3\My project\Library\PackageCache\com.unity.visualscripting@1.7.6\Editor\VisualScripting.Core\Dependencies\YamlDotNet\Unity.VisualScripting.YamlDotNet.dll
Symbol file LoadedFromMemory doesn't match image C:\Users\lab0317\Desktop\trabajo 3\My project\Library\PackageCache\com.unity.visualscripting@1.7.6\Editor\VisualScripting.Core\Dependencies\DotNetZip\Unity.VisualScripting.IonicZip.dll
Native extension for WindowsStandalone target not found
Native extension for iOS target not found
Native extension for Android target not found
Refreshing native plugins compatible for Editor in 2.75 ms, found 3 plugins.
Preloading 0 native plugins for Editor in 0.00 ms.
Mono: successfully reloaded assembly
- Completed reload, in  2.465 seconds
Domain Reload Profiling:
	ReloadAssembly (2467ms)
		BeginReloadAssembly (160ms)
			ExecutionOrderSort (0ms)
			DisableScriptedObjects (12ms)
			BackupInstance (0ms)
			ReleaseScriptingObjects (0ms)
			CreateAndSetChildDomain (37ms)
		EndReloadAssembly (2131ms)
			LoadAssemblies (144ms)
			RebuildTransferFunctionScriptingTraits (0ms)
			SetupTypeCache (713ms)
			ReleaseScriptCaches (4ms)
			RebuildScriptCaches (121ms)
			SetupLoadedEditorAssemblies (959ms)
				LogAssemblyErrors (0ms)
				InitializePlatformSupportModulesInManaged (141ms)
				SetLoadedEditorAssemblies (1ms)
				RefreshPlugins (3ms)
				BeforeProcessingInitializeOnLoad (178ms)
				ProcessInitializeOnLoadAttributes (551ms)
				ProcessInitializeOnLoadMethodAttributes (63ms)
				AfterProcessingInitializeOnLoad (23ms)
				EditorAssembliesLoaded (0ms)
			ExecutionOrderSort2 (0ms)
			AwakeInstancesAfterBackupRestoration (17ms)
Platform modules already initialized, skipping
Refreshing native plugins compatible for Editor in 4.79 ms, found 3 plugins.
Preloading 0 native plugins for Editor in 0.00 ms.
Unloading 3224 Unused Serialized files (Serialized files now loaded: 0)
Unloading 17 unused Assets / (163.6 KB). Loaded Objects now: 3769.
Memory consumption went from 132.6 MB to 132.4 MB.
Total: 6.197600 ms (FindLiveObjects: 0.507800 ms CreateObjectMapping: 0.222400 ms MarkObjects: 5.279900 ms  DeleteObjects: 0.184100 ms)

AssetImportParameters requested are different than current active one (requested -> active):
  custom:video-decoder-ogg-theora: a1e56fd34408186e4bbccfd4996cb3dc -> 
  custom:container-muxer-webm: aa71ff27fc2769a1b78a27578f13a17b -> 
  custom:container-demuxer-webm: 4f35f7cbe854078d1ac9338744f61a02 -> 
  custom:video-encoder-webm-vp8: eb34c28f22e8b96e1ab97ce403110664 -> 
  custom:audio-encoder-webm-vorbis: bf7c407c2cedff20999df2af8eb42d56 -> 
  custom:framework-win-MediaFoundation: 216162199b28c13a410421893ffa2e32 -> 
  custom:container-demuxer-ogg: 62fdf1f143b41e24485cea50d1cbac27 -> 
  custom:video-decoder-webm-vp8: 9c59270c3fd7afecdb556c50c9e8de78 -> 
  custom:audio-decoder-ogg-vorbis: bf7c407c2cedff20999df2af8eb42d56 -> 
========================================================================
Received Import Request.
  Time since last request: 53.893944 seconds.
  path: Assets/Tensori/SkinlessZombie/Art
  artifactKey: Guid(ecbbe9e63d0480446b9b5fc45756e6f2) Importer(815301076,1909f56bfc062723c751e8b465ee728b)
Start importing Assets/Tensori/SkinlessZombie/Art using Guid(ecbbe9e63d0480446b9b5fc45756e6f2) Importer(815301076,1909f56bfc062723c751e8b465ee728b)  -> (artifact id: '49b95749ec24dc17774b044daa1468a5') in 0.007021 seconds 
========================================================================
Received Import Request.
  Time since last request: 0.768528 seconds.
  path: Assets/Tensori/SkinlessZombie/Art/Animations
  artifactKey: Guid(33f351f06d11c5741b704a0480e8b8a4) Importer(815301076,1909f56bfc062723c751e8b465ee728b)
Start importing Assets/Tensori/SkinlessZombie/Art/Animations using Guid(33f351f06d11c5741b704a0480e8b8a4) Importer(815301076,1909f56bfc062723c751e8b465ee728b)  -> (artifact id: '40963af8ed417095420afe5c72d1fbcf') in 0.002482 seconds 
========================================================================
Received Import Request.
  Time since last request: 0.043719 seconds.
  path: Assets/Tensori/SkinlessZombie/Art/Animations/angry01.fbx
  artifactKey: Guid(0dd1a06bb21981446a1861c7c1767e75) Importer(815301076,1909f56bfc062723c751e8b465ee728b)
Start importing Assets/Tensori/SkinlessZombie/Art/Animations/angry01.fbx using Guid(0dd1a06bb21981446a1861c7c1767e75) Importer(815301076,1909f56bfc062723c751e8b465ee728b)  -> (artifact id: '4b657e9c13c8c7a0046625439ce6aafe') in 0.037966 seconds 
========================================================================
Received Import Request.
  Time since last request: 0.000026 seconds.
  path: Assets/Tensori/SkinlessZombie/Art/Animations/idle02.fbx
  artifactKey: Guid(402b915837b52c44db3004a62cc9ac09) Importer(815301076,1909f56bfc062723c751e8b465ee728b)
Start importing Assets/Tensori/SkinlessZombie/Art/Animations/idle02.fbx using Guid(402b915837b52c44db3004a62cc9ac09) Importer(815301076,1909f56bfc062723c751e8b465ee728b)  -> (artifact id: 'ef83e45496fa974e4c5de8c6b90e500d') in 0.016200 seconds 
========================================================================
Received Import Request.
  Time since last request: 4.835955 seconds.
  path: Assets/Tensori/SkinlessZombie/Demo Scripts
  artifactKey: Guid(34d7b7d26153418409bd5cb9cd2a3d67) Importer(815301076,1909f56bfc062723c751e8b465ee728b)
Start importing Assets/Tensori/SkinlessZombie/Demo Scripts using Guid(34d7b7d26153418409bd5cb9cd2a3d67) Importer(815301076,1909f56bfc062723c751e8b465ee728b)  -> (artifact id: '2fa2e515e133720b2920dc7647e09d15') in 0.003769 seconds 
========================================================================
Received Import Request.
  Time since last request: 5.022364 seconds.
  path: Assets/Tensori/SkinlessZombie/Prefabs
  artifactKey: Guid(59208e86dfd631f49bd9a4d1b5163a89) Importer(815301076,1909f56bfc062723c751e8b465ee728b)
Start importing Assets/Tensori/SkinlessZombie/Prefabs using Guid(59208e86dfd631f49bd9a4d1b5163a89) Importer(815301076,1909f56bfc062723c751e8b465ee728b)  -> (artifact id: '6f6cd943185eb088a1a54bb1edd0eb1e') in 0.004499 seconds 
========================================================================
Received Import Request.
  Time since last request: 0.038694 seconds.
  path: Assets/Tensori/SkinlessZombie/Prefabs/fireaxe.prefab
  artifactKey: Guid(4286784eafadf9f4ebfb6f725ab2da99) Importer(815301076,1909f56bfc062723c751e8b465ee728b)
Start importing Assets/Tensori/SkinlessZombie/Prefabs/fireaxe.prefab using Guid(4286784eafadf9f4ebfb6f725ab2da99) Importer(815301076,1909f56bfc062723c751e8b465ee728b)  -> (artifact id: '8c8eb2532f55e674193e08a7511b74c1') in 0.062154 seconds 
========================================================================
Received Import Request.
  Time since last request: 8.017617 seconds.
  path: Assets/Tensori/SkinlessZombie/Resources
  artifactKey: Guid(4d1797fe2fca9b149a53aa02ca57b7e8) Importer(815301076,1909f56bfc062723c751e8b465ee728b)
Start importing Assets/Tensori/SkinlessZombie/Resources using Guid(4d1797fe2fca9b149a53aa02ca57b7e8) Importer(815301076,1909f56bfc062723c751e8b465ee728b)  -> (artifact id: '393c74264ce555bfce46ce50cfe092a6') in 0.002832 seconds 
========================================================================
Received Import Request.
  Time since last request: 1.086832 seconds.
  path: Assets/Tensori/SkinlessZombie/Resources/ScriptableObjects
  artifactKey: Guid(43b4f82b44b69984c922887f9c5756de) Importer(815301076,1909f56bfc062723c751e8b465ee728b)
Start importing Assets/Tensori/SkinlessZombie/Resources/ScriptableObjects using Guid(43b4f82b44b69984c922887f9c5756de) Importer(815301076,1909f56bfc062723c751e8b465ee728b)  -> (artifact id: '5447d1b0cc0fda0ca351c199a64b64cd') in 0.004031 seconds 
========================================================================
Received Import Request.
  Time since last request: 0.709594 seconds.
  path: Assets/Tensori/SkinlessZombie/Resources/ScriptableObjects/Animations
  artifactKey: Guid(777e37bf8c1519d4195084c2f855e0ea) Importer(815301076,1909f56bfc062723c751e8b465ee728b)
Start importing Assets/Tensori/SkinlessZombie/Resources/ScriptableObjects/Animations using Guid(777e37bf8c1519d4195084c2f855e0ea) Importer(815301076,1909f56bfc062723c751e8b465ee728b)  -> (artifact id: 'd0bff530039b4363bf8feec9d21a9d89') in 0.003049 seconds 
========================================================================
Received Import Request.
  Time since last request: 0.101807 seconds.
  path: Assets/Tensori/SkinlessZombie/Resources/ScriptableObjects/Animations/Angry.asset
  artifactKey: Guid(8661ff053c59d2146a9ca5f58c4dd0e2) Importer(815301076,1909f56bfc062723c751e8b465ee728b)
Start importing Assets/Tensori/SkinlessZombie/Resources/ScriptableObjects/Animations/Angry.asset using Guid(8661ff053c59d2146a9ca5f58c4dd0e2) Importer(815301076,1909f56bfc062723c751e8b465ee728b)  -> (artifact id: '9886ff8b5199cb043685a78fb086746f') in 0.006674 seconds 
========================================================================
Received Import Request.
  Time since last request: 0.000035 seconds.
  path: Assets/Tensori/SkinlessZombie/Resources/ScriptableObjects/Animations/Idle02.asset
  artifactKey: Guid(1e7665f0f43c3dc4f9b9e8ca469c70cf) Importer(815301076,1909f56bfc062723c751e8b465ee728b)
Start importing Assets/Tensori/SkinlessZombie/Resources/ScriptableObjects/Animations/Idle02.asset using Guid(1e7665f0f43c3dc4f9b9e8ca469c70cf) Importer(815301076,1909f56bfc062723c751e8b465ee728b)  -> (artifact id: '9171c9da168f9bb89e597df935b99df3') in 0.008079 seconds 
========================================================================
Received Import Request.
  Time since last request: 19.690924 seconds.
  path: Assets/Standard Assets/Effects
  artifactKey: Guid(7634df0b09107ae4d8a3599e7cf73874) Importer(815301076,1909f56bfc062723c751e8b465ee728b)
Start importing Assets/Standard Assets/Effects using Guid(7634df0b09107ae4d8a3599e7cf73874) Importer(815301076,1909f56bfc062723c751e8b465ee728b)  -> (artifact id: 'be77a22f590fdfe0716ca529cf00c29b') in 0.002948 seconds 
========================================================================
Received Import Request.
  Time since last request: 0.623539 seconds.
  path: Assets/Standard Assets/Effects/ImageEffects
  artifactKey: Guid(c534ed7e478f04349834bef647d8b525) Importer(815301076,1909f56bfc062723c751e8b465ee728b)
Start importing Assets/Standard Assets/Effects/ImageEffects using Guid(c534ed7e478f04349834bef647d8b525) Importer(815301076,1909f56bfc062723c751e8b465ee728b)  -> (artifact id: '47b3c3e391feca5db125d02421614c2e') in 0.002829 seconds 
========================================================================
Received Import Request.
  Time since last request: 0.559461 seconds.
  path: Assets/Standard Assets/Effects/ImageEffects/Textures
  artifactKey: Guid(6e1eb50b74634f94fa79789f86aa0e65) Importer(815301076,1909f56bfc062723c751e8b465ee728b)
Start importing Assets/Standard Assets/Effects/ImageEffects/Textures using Guid(6e1eb50b74634f94fa79789f86aa0e65) Importer(815301076,1909f56bfc062723c751e8b465ee728b)  -> (artifact id: 'c6f9f4108efa623fdde3a22ff0b6ccfc') in 0.003173 seconds 
========================================================================
Received Import Request.
  Time since last request: 0.042362 seconds.
  path: Assets/Standard Assets/Effects/ImageEffects/Textures/NoiseAndGrain.png
  artifactKey: Guid(7a632f967e8ad42f5bd275898151ab6a) Importer(815301076,1909f56bfc062723c751e8b465ee728b)
Start importing Assets/Standard Assets/Effects/ImageEffects/Textures/NoiseAndGrain.png using Guid(7a632f967e8ad42f5bd275898151ab6a) Importer(815301076,1909f56bfc062723c751e8b465ee728b)  -> (artifact id: '41d6297dd2e9b74fe8cc47f04a84296a') in 0.017120 seconds 
========================================================================
Received Prepare
Registering precompiled user dll's ...
Registered in 0.005726 seconds.
Begin MonoManager ReloadAssembly
Symbol file LoadedFromMemory doesn't match image C:\Users\lab0317\Desktop\trabajo 3\My project\Library\PackageCache\com.unity.visualscripting@1.7.6\Editor\VisualScripting.Core\Dependencies\YamlDotNet\Unity.VisualScripting.YamlDotNet.dll
Symbol file LoadedFromMemory doesn't match image C:\Users\lab0317\Desktop\trabajo 3\My project\Library\PackageCache\com.unity.visualscripting@1.7.6\Editor\VisualScripting.Core\Dependencies\DotNetZip\Unity.VisualScripting.IonicZip.dll
Native extension for WindowsStandalone target not found
Native extension for iOS target not found
Native extension for Android target not found
Refreshing native plugins compatible for Editor in 1.44 ms, found 3 plugins.
Preloading 0 native plugins for Editor in 0.00 ms.
Mono: successfully reloaded assembly
- Completed reload, in  2.068 seconds
Domain Reload Profiling:
	ReloadAssembly (2070ms)
		BeginReloadAssembly (180ms)
			ExecutionOrderSort (0ms)
			DisableScriptedObjects (5ms)
			BackupInstance (0ms)
			ReleaseScriptingObjects (0ms)
			CreateAndSetChildDomain (51ms)
		EndReloadAssembly (1783ms)
			LoadAssemblies (130ms)
			RebuildTransferFunctionScriptingTraits (0ms)
			SetupTypeCache (599ms)
			ReleaseScriptCaches (5ms)
			RebuildScriptCaches (105ms)
			SetupLoadedEditorAssemblies (812ms)
				LogAssemblyErrors (0ms)
				InitializePlatformSupportModulesInManaged (80ms)
				SetLoadedEditorAssemblies (2ms)
				RefreshPlugins (2ms)
				BeforeProcessingInitializeOnLoad (218ms)
				ProcessInitializeOnLoadAttributes (446ms)
				ProcessInitializeOnLoadMethodAttributes (48ms)
				AfterProcessingInitializeOnLoad (17ms)
				EditorAssembliesLoaded (0ms)
			ExecutionOrderSort2 (0ms)
			AwakeInstancesAfterBackupRestoration (15ms)
Platform modules already initialized, skipping
Refreshing native plugins compatible for Editor in 8.40 ms, found 3 plugins.
Preloading 0 native plugins for Editor in 0.00 ms.
Unloading 3224 Unused Serialized files (Serialized files now loaded: 0)
Unloading 17 unused Assets / (163.5 KB). Loaded Objects now: 3773.
Memory consumption went from 132.6 MB to 132.5 MB.
Total: 4.965200 ms (FindLiveObjects: 0.623700 ms CreateObjectMapping: 0.275200 ms MarkObjects: 3.663700 ms  DeleteObjects: 0.399900 ms)

AssetImportParameters requested are different than current active one (requested -> active):
  custom:video-decoder-ogg-theora: a1e56fd34408186e4bbccfd4996cb3dc -> 
  custom:container-muxer-webm: aa71ff27fc2769a1b78a27578f13a17b -> 
  custom:container-demuxer-webm: 4f35f7cbe854078d1ac9338744f61a02 -> 
  custom:video-encoder-webm-vp8: eb34c28f22e8b96e1ab97ce403110664 -> 
  custom:audio-encoder-webm-vorbis: bf7c407c2cedff20999df2af8eb42d56 -> 
  custom:framework-win-MediaFoundation: 216162199b28c13a410421893ffa2e32 -> 
  custom:container-demuxer-ogg: 62fdf1f143b41e24485cea50d1cbac27 -> 
  custom:video-decoder-webm-vp8: 9c59270c3fd7afecdb556c50c9e8de78 -> 
  custom:audio-decoder-ogg-vorbis: bf7c407c2cedff20999df2af8eb42d56 -> 
========================================================================
Received Import Request.
  Time since last request: 392.726231 seconds.
  path: Assets/_GhoulZombie/Materials/Ghoul_Volume4_color.mat
  artifactKey: Guid(a5c279a70e97b254382b67a63d61e878) Importer(815301076,1909f56bfc062723c751e8b465ee728b)
Start importing Assets/_GhoulZombie/Materials/Ghoul_Volume4_color.mat using Guid(a5c279a70e97b254382b67a63d61e878) Importer(815301076,1909f56bfc062723c751e8b465ee728b)  -> (artifact id: '9dbe6869852427dd695275ed745ab171') in 0.091556 seconds 
========================================================================
Received Import Request.
  Time since last request: 0.000020 seconds.
  path: Assets/_GhoulZombie/Materials/Ghoul_Volume4_metalness.mat
  artifactKey: Guid(601a492894d3f6444bffc291d3a5422d) Importer(815301076,1909f56bfc062723c751e8b465ee728b)
Start importing Assets/_GhoulZombie/Materials/Ghoul_Volume4_metalness.mat using Guid(601a492894d3f6444bffc291d3a5422d) Importer(815301076,1909f56bfc062723c751e8b465ee728b)  -> (artifact id: '2e01a4eedb65cabd0f44381b61ade209') in 0.030980 seconds 
========================================================================
Received Import Request.
  Time since last request: 7.657533 seconds.
  path: Assets/_GhoulZombie/Materials
  artifactKey: Guid(cf1bee4a2f08ebc4b966caad7db8df34) Importer(815301076,1909f56bfc062723c751e8b465ee728b)
Start importing Assets/_GhoulZombie/Materials using Guid(cf1bee4a2f08ebc4b966caad7db8df34) Importer(815301076,1909f56bfc062723c751e8b465ee728b)  -> (artifact id: '0bbecca91045a9a614d6cfb8aaf9e3f9') in 0.002032 seconds 
========================================================================
Received Import Request.
  Time since last request: 148.791429 seconds.
  path: Assets/Zombie/PantsALpha1.png
  artifactKey: Guid(99d05c1d2e2e2894b8e5b0c896fe9158) Importer(815301076,1909f56bfc062723c751e8b465ee728b)
Start importing Assets/Zombie/PantsALpha1.png using Guid(99d05c1d2e2e2894b8e5b0c896fe9158) Importer(815301076,1909f56bfc062723c751e8b465ee728b)  -> (artifact id: '7c7edc5961d1d01403cfba11f3460032') in 0.019542 seconds 
========================================================================
Received Import Request.
  Time since last request: 0.000041 seconds.
  path: Assets/Zombie/ZombieHQ_material4_Normal.png
  artifactKey: Guid(695a1ea4055ea724a9fe6f586b6f8b8f) Importer(815301076,1909f56bfc062723c751e8b465ee728b)
Start importing Assets/Zombie/ZombieHQ_material4_Normal.png using Guid(695a1ea4055ea724a9fe6f586b6f8b8f) Importer(815301076,1909f56bfc062723c751e8b465ee728b)  -> (artifact id: '76ea31934a2f75e3b1b36bb156f60c3a') in 0.010695 seconds 
========================================================================
Received Import Request.
  Time since last request: 0.000037 seconds.
  path: Assets/Zombie/ZombieHQ_material4_Ambient.png
  artifactKey: Guid(c69d72f6d7d8ce441bf3c62474f67ee0) Importer(815301076,1909f56bfc062723c751e8b465ee728b)
Start importing Assets/Zombie/ZombieHQ_material4_Ambient.png using Guid(c69d72f6d7d8ce441bf3c62474f67ee0) Importer(815301076,1909f56bfc062723c751e8b465ee728b)  -> (artifact id: '4f93ab15c822d7b73b7a3c3f9e7c83a6') in 0.010532 seconds 
========================================================================
Received Import Request.
  Time since last request: 0.000027 seconds.
  path: Assets/Zombie/ZombieHQ_material3_AlbedoTransparency.png
  artifactKey: Guid(0681959c5e335c04693f0b935262bd8b) Importer(815301076,1909f56bfc062723c751e8b465ee728b)
Start importing Assets/Zombie/ZombieHQ_material3_AlbedoTransparency.png using Guid(0681959c5e335c04693f0b935262bd8b) Importer(815301076,1909f56bfc062723c751e8b465ee728b)  -> (artifact id: '89536b2a018a24994fa2aeda40cda0cc') in 0.011314 seconds 
========================================================================
Received Import Request.
  Time since last request: 0.000023 seconds.
  path: Assets/Zombie/ZombieHQ_material4_SpecularSmoothness.png
  artifactKey: Guid(93d91a99518976e46972d16af5434ebf) Importer(815301076,1909f56bfc062723c751e8b465ee728b)
Start importing Assets/Zombie/ZombieHQ_material4_SpecularSmoothness.png using Guid(93d91a99518976e46972d16af5434ebf) Importer(815301076,1909f56bfc062723c751e8b465ee728b)  -> (artifact id: 'df080c7a6e224ee759ec501d201e5990') in 0.010375 seconds 
========================================================================
Received Import Request.
  Time since last request: 0.000064 seconds.
  path: Assets/Zombie/ZombieHQ_material_SpecularSmoothness.png
  artifactKey: Guid(7606e79301f96b94283724c98af12b95) Importer(815301076,1909f56bfc062723c751e8b465ee728b)
Start importing Assets/Zombie/ZombieHQ_material_SpecularSmoothness.png using Guid(7606e79301f96b94283724c98af12b95) Importer(815301076,1909f56bfc062723c751e8b465ee728b)  -> (artifact id: 'f3eeae216473acbf814f4ee566ddd69f') in 0.017209 seconds 
========================================================================
Received Import Request.
  Time since last request: 0.000037 seconds.
  path: Assets/Zombie/ZombieHQ_material4_Albedo.png
  artifactKey: Guid(5f60206366258a44283d339cfc86fe36) Importer(815301076,1909f56bfc062723c751e8b465ee728b)
Start importing Assets/Zombie/ZombieHQ_material4_Albedo.png using Guid(5f60206366258a44283d339cfc86fe36) Importer(815301076,1909f56bfc062723c751e8b465ee728b)  -> (artifact id: 'ee3adf557265b451df32261a546a3491') in 0.018427 seconds 
========================================================================
Received Import Request.
  Time since last request: 0.000076 seconds.
  path: Assets/Zombie/ZombieHQ_material_AlbedoTransparency.png
  artifactKey: Guid(151ae436a1d801e4899d48bfb5a51b66) Importer(815301076,1909f56bfc062723c751e8b465ee728b)
Start importing Assets/Zombie/ZombieHQ_material_AlbedoTransparency.png using Guid(151ae436a1d801e4899d48bfb5a51b66) Importer(815301076,1909f56bfc062723c751e8b465ee728b)  -> (artifact id: 'c634e8afda8a45b9cbbb6855deff0d79') in 0.018036 seconds 
========================================================================
Received Import Request.
  Time since last request: 0.000086 seconds.
  path: Assets/Zombie/ZombieHQ_material4_AlbedoTransparency.png
  artifactKey: Guid(128ba07b003881744906ecaf500ffda0) Importer(815301076,1909f56bfc062723c751e8b465ee728b)
Start importing Assets/Zombie/ZombieHQ_material4_AlbedoTransparency.png using Guid(128ba07b003881744906ecaf500ffda0) Importer(815301076,1909f56bfc062723c751e8b465ee728b)  -> (artifact id: '4a4ed7cc5b506413cae5087f23aa46e2') in 0.027368 seconds 
========================================================================
Received Import Request.
  Time since last request: 0.000023 seconds.
  path: Assets/Zombie/ZombieHQ_material5_AlbedoTransparency.png
  artifactKey: Guid(998b2830dc23b0a4ca3c2222f3189e5a) Importer(815301076,1909f56bfc062723c751e8b465ee728b)
Start importing Assets/Zombie/ZombieHQ_material5_AlbedoTransparency.png using Guid(998b2830dc23b0a4ca3c2222f3189e5a) Importer(815301076,1909f56bfc062723c751e8b465ee728b)  -> (artifact id: '179eda828d07ccff4d119d1be403ecd8') in 0.021429 seconds 
========================================================================
Received Import Request.
  Time since last request: 0.000058 seconds.
  path: Assets/Zombie/ZombieHQ_material3_SpecularSmoothness.png
  artifactKey: Guid(620a5d36ab23ed4469b5dd0130cc476b) Importer(815301076,1909f56bfc062723c751e8b465ee728b)
Start importing Assets/Zombie/ZombieHQ_material3_SpecularSmoothness.png using Guid(620a5d36ab23ed4469b5dd0130cc476b) Importer(815301076,1909f56bfc062723c751e8b465ee728b)  -> (artifact id: 'ce03a9a4e27b7f1352bc5e54c3eb0db6') in 0.012212 seconds 
========================================================================
Received Import Request.
  Time since last request: 0.000023 seconds.
  path: Assets/Zombie/ZombieHQ_material2_AlbedoTransparency.png
  artifactKey: Guid(6e9609c6db0464d4a8bd422bf2fcfa67) Importer(815301076,1909f56bfc062723c751e8b465ee728b)
Start importing Assets/Zombie/ZombieHQ_material2_AlbedoTransparency.png using Guid(6e9609c6db0464d4a8bd422bf2fcfa67) Importer(815301076,1909f56bfc062723c751e8b465ee728b)  -> (artifact id: 'bc9de02f3e035e7fdd7aec1686f8b8a9') in 0.009063 seconds 
========================================================================
Received Import Request.
  Time since last request: 0.000026 seconds.
  path: Assets/Zombie/ZombieHQ_material2_SpecularSmoothness.png
  artifactKey: Guid(e863a9f88e0d66340a36588dc183895c) Importer(815301076,1909f56bfc062723c751e8b465ee728b)
Start importing Assets/Zombie/ZombieHQ_material2_SpecularSmoothness.png using Guid(e863a9f88e0d66340a36588dc183895c) Importer(815301076,1909f56bfc062723c751e8b465ee728b)  -> (artifact id: '2701102589f927a7d1f1be0af24bcc6f') in 0.009653 seconds 
========================================================================
Received Import Request.
  Time since last request: 0.000017 seconds.
  path: Assets/Zombie/ZombieHQ_material5_Ambient.png
  artifactKey: Guid(eb70aaf60ac05cc46bc17a6c29fa9c16) Importer(815301076,1909f56bfc062723c751e8b465ee728b)
Start importing Assets/Zombie/ZombieHQ_material5_Ambient.png using Guid(eb70aaf60ac05cc46bc17a6c29fa9c16) Importer(815301076,1909f56bfc062723c751e8b465ee728b)  -> (artifact id: '431109d8710716e9e8cacd4c8cb1dd56') in 0.011223 seconds 
========================================================================
Received Import Request.
  Time since last request: 0.000024 seconds.
  path: Assets/Zombie/ZombieHQ_material3_Ambient.png
  artifactKey: Guid(db7bc194c1a8ce549bee814c383f4c9a) Importer(815301076,1909f56bfc062723c751e8b465ee728b)
Start importing Assets/Zombie/ZombieHQ_material3_Ambient.png using Guid(db7bc194c1a8ce549bee814c383f4c9a) Importer(815301076,1909f56bfc062723c751e8b465ee728b)  -> (artifact id: '33bf9ac4a82757bfcdd43b99daa18c1f') in 0.011240 seconds 
========================================================================
Received Import Request.
  Time since last request: 0.000050 seconds.
  path: Assets/Zombie/ZombieHQ_material5_Normal.png
  artifactKey: Guid(ebb0326825875774bb968bcb321a4450) Importer(815301076,1909f56bfc062723c751e8b465ee728b)
Start importing Assets/Zombie/ZombieHQ_material5_Normal.png using Guid(ebb0326825875774bb968bcb321a4450) Importer(815301076,1909f56bfc062723c751e8b465ee728b)  -> (artifact id: '1b87ac9b1a512a451159d72b9291d3bc') in 0.011421 seconds 
========================================================================
Received Import Request.
  Time since last request: 0.000045 seconds.
  path: Assets/Zombie/ZombieRig.fbx
  artifactKey: Guid(abfe6fc5a9b390a488839c1fc3b58dcd) Importer(815301076,1909f56bfc062723c751e8b465ee728b)
Start importing Assets/Zombie/ZombieRig.fbx using Guid(abfe6fc5a9b390a488839c1fc3b58dcd) Importer(815301076,1909f56bfc062723c751e8b465ee728b)  -> (artifact id: '51438b6cba18fa1e7e2730ab82f08dfa') in 0.894676 seconds 
========================================================================
Received Import Request.
  Time since last request: 6.611200 seconds.
  path: Assets/Zombie/Materials
  artifactKey: Guid(37e60e08c75eae44b93d598a3bb10f05) Importer(815301076,1909f56bfc062723c751e8b465ee728b)
Start importing Assets/Zombie/Materials using Guid(37e60e08c75eae44b93d598a3bb10f05) Importer(815301076,1909f56bfc062723c751e8b465ee728b)  -> (artifact id: '47539e0616dc564ecc54ff523c7b5bec') in 0.003224 seconds 
========================================================================
Received Import Request.
  Time since last request: 0.267249 seconds.
  path: Assets/Zombie/Materials/material.001.mat
  artifactKey: Guid(4f7dd35b97b0ca8498b0839be5ef4ca6) Importer(815301076,1909f56bfc062723c751e8b465ee728b)
Start importing Assets/Zombie/Materials/material.001.mat using Guid(4f7dd35b97b0ca8498b0839be5ef4ca6) Importer(815301076,1909f56bfc062723c751e8b465ee728b)  -> (artifact id: 'a19ef6fdc7e3d5e036dbf386afc5ff0d') in 0.024987 seconds 
========================================================================
Received Import Request.
  Time since last request: 0.000024 seconds.
  path: Assets/Zombie/Materials/material.003.mat
  artifactKey: Guid(d56403f38c9dac8488e18148e65a9df1) Importer(815301076,1909f56bfc062723c751e8b465ee728b)
Start importing Assets/Zombie/Materials/material.003.mat using Guid(d56403f38c9dac8488e18148e65a9df1) Importer(815301076,1909f56bfc062723c751e8b465ee728b)  -> (artifact id: 'a4794d7c7dd2f2e2cbe101041027a2fc') in 0.016274 seconds 
========================================================================
Received Import Request.
  Time since last request: 0.000022 seconds.
  path: Assets/Zombie/Materials/material.mat
  artifactKey: Guid(1d124de7692a06d4891fbe5914ca0975) Importer(815301076,1909f56bfc062723c751e8b465ee728b)
Start importing Assets/Zombie/Materials/material.mat using Guid(1d124de7692a06d4891fbe5914ca0975) Importer(815301076,1909f56bfc062723c751e8b465ee728b)  -> (artifact id: '3933978e00e4409bc0e394b704dbec55') in 0.023900 seconds 
========================================================================
Received Import Request.
  Time since last request: 0.000059 seconds.
  path: Assets/Zombie/Materials/ZombieHQ_material4_Albedo.mat
  artifactKey: Guid(7fb5b7b4daec2254baa1da46b77a079d) Importer(815301076,1909f56bfc062723c751e8b465ee728b)
Start importing Assets/Zombie/Materials/ZombieHQ_material4_Albedo.mat using Guid(7fb5b7b4daec2254baa1da46b77a079d) Importer(815301076,1909f56bfc062723c751e8b465ee728b)  -> (artifact id: '40c99e52470dcbad4ac06c53a015e5ac') in 0.024790 seconds 
========================================================================
Received Import Request.
  Time since last request: 0.000024 seconds.
  path: Assets/Zombie/Materials/RetopoPantsUV_TXTR.mat
  artifactKey: Guid(69f7719c2bd8a6540bb130ebffc99fcd) Importer(815301076,1909f56bfc062723c751e8b465ee728b)
Start importing Assets/Zombie/Materials/RetopoPantsUV_TXTR.mat using Guid(69f7719c2bd8a6540bb130ebffc99fcd) Importer(815301076,1909f56bfc062723c751e8b465ee728b)  -> (artifact id: '5c925528c864f3b7e18542ed17cc3b57') in 0.011832 seconds 
========================================================================
Received Import Request.
  Time since last request: 0.000017 seconds.
  path: Assets/Zombie/Materials/ZombieHQ_material_AlbedoTransparency.mat
  artifactKey: Guid(11deda9a2ce04bf47a65f12b3fe4f41a) Importer(815301076,1909f56bfc062723c751e8b465ee728b)
Start importing Assets/Zombie/Materials/ZombieHQ_material_AlbedoTransparency.mat using Guid(11deda9a2ce04bf47a65f12b3fe4f41a) Importer(815301076,1909f56bfc062723c751e8b465ee728b)  -> (artifact id: '368842d2e34e398de3493bc0f9d9a50c') in 0.013417 seconds 
========================================================================
Received Import Request.
  Time since last request: 0.000019 seconds.
  path: Assets/Zombie/Materials/material.005.mat
  artifactKey: Guid(5c58162bb014ebb4a9c8f7de54db385b) Importer(815301076,1909f56bfc062723c751e8b465ee728b)
Start importing Assets/Zombie/Materials/material.005.mat using Guid(5c58162bb014ebb4a9c8f7de54db385b) Importer(815301076,1909f56bfc062723c751e8b465ee728b)  -> (artifact id: '1088a65baf8de5079a97d0e378677278') in 0.014157 seconds 
========================================================================
Received Import Request.
  Time since last request: 0.000017 seconds.
  path: Assets/Zombie/Materials/ZombieHQ_material5_AlbedoTransparency.mat
  artifactKey: Guid(8037d301b260d214fbea59e83e088904) Importer(815301076,1909f56bfc062723c751e8b465ee728b)
Start importing Assets/Zombie/Materials/ZombieHQ_material5_AlbedoTransparency.mat using Guid(8037d301b260d214fbea59e83e088904) Importer(815301076,1909f56bfc062723c751e8b465ee728b)  -> (artifact id: '54966438da52b9eaaf5db759553f0be7') in 0.013983 seconds 
========================================================================
Received Prepare
Registering precompiled user dll's ...
Registered in 0.007263 seconds.
Begin MonoManager ReloadAssembly
Symbol file LoadedFromMemory doesn't match image C:\Users\lab0317\Desktop\trabajo 3\My project\Library\PackageCache\com.unity.visualscripting@1.7.6\Editor\VisualScripting.Core\Dependencies\YamlDotNet\Unity.VisualScripting.YamlDotNet.dll
Symbol file LoadedFromMemory doesn't match image C:\Users\lab0317\Desktop\trabajo 3\My project\Library\PackageCache\com.unity.visualscripting@1.7.6\Editor\VisualScripting.Core\Dependencies\DotNetZip\Unity.VisualScripting.IonicZip.dll
Native extension for WindowsStandalone target not found
Native extension for iOS target not found
Native extension for Android target not found
Refreshing native plugins compatible for Editor in 0.71 ms, found 3 plugins.
Preloading 0 native plugins for Editor in 0.00 ms.
Mono: successfully reloaded assembly
- Completed reload, in  1.554 seconds
Domain Reload Profiling:
	ReloadAssembly (1555ms)
		BeginReloadAssembly (153ms)
			ExecutionOrderSort (0ms)
			DisableScriptedObjects (5ms)
			BackupInstance (0ms)
			ReleaseScriptingObjects (0ms)
			CreateAndSetChildDomain (42ms)
		EndReloadAssembly (1267ms)
			LoadAssemblies (115ms)
			RebuildTransferFunctionScriptingTraits (0ms)
			SetupTypeCache (337ms)
			ReleaseScriptCaches (3ms)
			RebuildScriptCaches (74ms)
			SetupLoadedEditorAssemblies (633ms)
				LogAssemblyErrors (0ms)
				InitializePlatformSupportModulesInManaged (62ms)
				SetLoadedEditorAssemblies (0ms)
				RefreshPlugins (1ms)
				BeforeProcessingInitializeOnLoad (112ms)
				ProcessInitializeOnLoadAttributes (392ms)
				ProcessInitializeOnLoadMethodAttributes (54ms)
				AfterProcessingInitializeOnLoad (12ms)
				EditorAssembliesLoaded (0ms)
			ExecutionOrderSort2 (0ms)
			AwakeInstancesAfterBackupRestoration (7ms)
Platform modules already initialized, skipping
Refreshing native plugins compatible for Editor in 2.44 ms, found 3 plugins.
Preloading 0 native plugins for Editor in 0.00 ms.
Unloading 3224 Unused Serialized files (Serialized files now loaded: 0)
Unloading 17 unused Assets / (163.6 KB). Loaded Objects now: 3779.
Memory consumption went from 132.8 MB to 132.7 MB.
Total: 9.073000 ms (FindLiveObjects: 0.708100 ms CreateObjectMapping: 0.694200 ms MarkObjects: 6.954200 ms  DeleteObjects: 0.713600 ms)

AssetImportParameters requested are different than current active one (requested -> active):
  custom:video-decoder-ogg-theora: a1e56fd34408186e4bbccfd4996cb3dc -> 
  custom:container-muxer-webm: aa71ff27fc2769a1b78a27578f13a17b -> 
  custom:container-demuxer-webm: 4f35f7cbe854078d1ac9338744f61a02 -> 
  custom:video-encoder-webm-vp8: eb34c28f22e8b96e1ab97ce403110664 -> 
  custom:audio-encoder-webm-vorbis: bf7c407c2cedff20999df2af8eb42d56 -> 
  custom:framework-win-MediaFoundation: 216162199b28c13a410421893ffa2e32 -> 
  custom:container-demuxer-ogg: 62fdf1f143b41e24485cea50d1cbac27 -> 
  custom:video-decoder-webm-vp8: 9c59270c3fd7afecdb556c50c9e8de78 -> 
  custom:audio-decoder-ogg-vorbis: bf7c407c2cedff20999df2af8eb42d56 -> 
========================================================================
Received Prepare
Registering precompiled user dll's ...
Registered in 0.007297 seconds.
Begin MonoManager ReloadAssembly
Symbol file LoadedFromMemory doesn't match image C:\Users\lab0317\Desktop\trabajo 3\My project\Library\PackageCache\com.unity.visualscripting@1.7.6\Editor\VisualScripting.Core\Dependencies\YamlDotNet\Unity.VisualScripting.YamlDotNet.dll
Symbol file LoadedFromMemory doesn't match image C:\Users\lab0317\Desktop\trabajo 3\My project\Library\PackageCache\com.unity.visualscripting@1.7.6\Editor\VisualScripting.Core\Dependencies\DotNetZip\Unity.VisualScripting.IonicZip.dll
Native extension for WindowsStandalone target not found
Native extension for iOS target not found
Native extension for Android target not found
Refreshing native plugins compatible for Editor in 0.59 ms, found 3 plugins.
Preloading 0 native plugins for Editor in 0.00 ms.
Mono: successfully reloaded assembly
- Completed reload, in  1.549 seconds
Domain Reload Profiling:
	ReloadAssembly (1551ms)
		BeginReloadAssembly (169ms)
			ExecutionOrderSort (0ms)
			DisableScriptedObjects (6ms)
			BackupInstance (0ms)
			ReleaseScriptingObjects (0ms)
			CreateAndSetChildDomain (49ms)
		EndReloadAssembly (1231ms)
			LoadAssemblies (120ms)
			RebuildTransferFunctionScriptingTraits (0ms)
			SetupTypeCache (351ms)
			ReleaseScriptCaches (2ms)
			RebuildScriptCaches (89ms)
			SetupLoadedEditorAssemblies (571ms)
				LogAssemblyErrors (0ms)
				InitializePlatformSupportModulesInManaged (58ms)
				SetLoadedEditorAssemblies (0ms)
				RefreshPlugins (1ms)
				BeforeProcessingInitializeOnLoad (120ms)
				ProcessInitializeOnLoadAttributes (345ms)
				ProcessInitializeOnLoadMethodAttributes (33ms)
				AfterProcessingInitializeOnLoad (14ms)
				EditorAssembliesLoaded (1ms)
			ExecutionOrderSort2 (0ms)
			AwakeInstancesAfterBackupRestoration (14ms)
Platform modules already initialized, skipping
Refreshing native plugins compatible for Editor in 6.03 ms, found 3 plugins.
Preloading 0 native plugins for Editor in 0.00 ms.
Unloading 3224 Unused Serialized files (Serialized files now loaded: 0)
Unloading 17 unused Assets / (163.9 KB). Loaded Objects now: 3782.
Memory consumption went from 132.8 MB to 132.7 MB.
Total: 3.807300 ms (FindLiveObjects: 0.343800 ms CreateObjectMapping: 0.161100 ms MarkObjects: 3.108500 ms  DeleteObjects: 0.192300 ms)

AssetImportParameters requested are different than current active one (requested -> active):
  custom:video-decoder-ogg-theora: a1e56fd34408186e4bbccfd4996cb3dc -> 
  custom:container-muxer-webm: aa71ff27fc2769a1b78a27578f13a17b -> 
  custom:container-demuxer-webm: 4f35f7cbe854078d1ac9338744f61a02 -> 
  custom:video-encoder-webm-vp8: eb34c28f22e8b96e1ab97ce403110664 -> 
  custom:audio-encoder-webm-vorbis: bf7c407c2cedff20999df2af8eb42d56 -> 
  custom:framework-win-MediaFoundation: 216162199b28c13a410421893ffa2e32 -> 
  custom:container-demuxer-ogg: 62fdf1f143b41e24485cea50d1cbac27 -> 
  custom:video-decoder-webm-vp8: 9c59270c3fd7afecdb556c50c9e8de78 -> 
  custom:audio-decoder-ogg-vorbis: bf7c407c2cedff20999df2af8eb42d56 -> 
========================================================================
Received Import Request.
  Time since last request: 822.106950 seconds.
  path: Assets/Low Poly Guns/Models/Guns/assault1
  artifactKey: Guid(7938b61606cd85d47bc3ce4b39eeb65d) Importer(815301076,1909f56bfc062723c751e8b465ee728b)
Start importing Assets/Low Poly Guns/Models/Guns/assault1 using Guid(7938b61606cd85d47bc3ce4b39eeb65d) Importer(815301076,1909f56bfc062723c751e8b465ee728b)  -> (artifact id: 'a2285d35061544eff453e6b38a783330') in 0.009026 seconds 
========================================================================
Received Import Request.
  Time since last request: 0.058617 seconds.
  path: Assets/Low Poly Guns/Models/Guns/assault1/assault1.fbx
  artifactKey: Guid(33269b2b610f4c245a712795c1927939) Importer(815301076,1909f56bfc062723c751e8b465ee728b)
Start importing Assets/Low Poly Guns/Models/Guns/assault1/assault1.fbx using Guid(33269b2b610f4c245a712795c1927939) Importer(815301076,1909f56bfc062723c751e8b465ee728b)  -> (artifact id: 'd3ab15ddbc26b604172d719817913417') in 0.127627 seconds 
========================================================================
Received Import Request.
  Time since last request: 0.000025 seconds.
  path: Assets/Low Poly Guns/Models/Guns/assault1/assault1_normal.png
  artifactKey: Guid(b5ce058bdf628bb4bb3304265b2ab7f6) Importer(815301076,1909f56bfc062723c751e8b465ee728b)
Start importing Assets/Low Poly Guns/Models/Guns/assault1/assault1_normal.png using Guid(b5ce058bdf628bb4bb3304265b2ab7f6) Importer(815301076,1909f56bfc062723c751e8b465ee728b)  -> (artifact id: 'e90d28ebe57636bc035be524e2256fc4') in 0.051604 seconds 
========================================================================
Received Import Request.
  Time since last request: 0.000031 seconds.
  path: Assets/Low Poly Guns/Models/Guns/assault1/assault1_diffuse.png
  artifactKey: Guid(89fc40a82916a0c449b689ff792cbaba) Importer(815301076,1909f56bfc062723c751e8b465ee728b)
Start importing Assets/Low Poly Guns/Models/Guns/assault1/assault1_diffuse.png using Guid(89fc40a82916a0c449b689ff792cbaba) Importer(815301076,1909f56bfc062723c751e8b465ee728b)  -> (artifact id: 'e320b8d930dad6168ec527711fda70ba') in 0.032818 seconds 
========================================================================
Received Import Request.
  Time since last request: 7.808699 seconds.
  path: Assets/Low Poly Guns/Models/Guns/assault2/assault2.fbx
  artifactKey: Guid(6bea03a7115c5d748b18a7573d0d4d2b) Importer(815301076,1909f56bfc062723c751e8b465ee728b)
Start importing Assets/Low Poly Guns/Models/Guns/assault2/assault2.fbx using Guid(6bea03a7115c5d748b18a7573d0d4d2b) Importer(815301076,1909f56bfc062723c751e8b465ee728b)  -> (artifact id: '6b40d66dc6978f44ba83927e4a3e96cf') in 0.063119 seconds 
========================================================================
Received Import Request.
  Time since last request: 0.000145 seconds.
  path: Assets/Low Poly Guns/Models/Guns/assault2/assault2_normal.png
  artifactKey: Guid(f682931156928fc4e960b020752b0c9a) Importer(815301076,1909f56bfc062723c751e8b465ee728b)
Start importing Assets/Low Poly Guns/Models/Guns/assault2/assault2_normal.png using Guid(f682931156928fc4e960b020752b0c9a) Importer(815301076,1909f56bfc062723c751e8b465ee728b)  -> (artifact id: '11c0568a6e4e7a535f7c7a311017afeb') in 0.052306 seconds 
========================================================================
Received Import Request.
  Time since last request: 117.032830 seconds.
  path: Assets/Scenes/SampleScene.unity
  artifactKey: Guid(9fc0d4010bbf28b4594072e72b8655ab) Importer(815301076,1909f56bfc062723c751e8b465ee728b)
Start importing Assets/Scenes/SampleScene.unity using Guid(9fc0d4010bbf28b4594072e72b8655ab) Importer(815301076,1909f56bfc062723c751e8b465ee728b)  -> (artifact id: 'e55ccaa32d8e5c1de03c07a5412c8c3c') in 0.002489 seconds 
========================================================================
Received Import Request.
  Time since last request: 8.176764 seconds.
  path: Assets/Low Poly Guns/Models
  artifactKey: Guid(bcb561bb3fcd38947adadb609bc8340b) Importer(815301076,1909f56bfc062723c751e8b465ee728b)
Start importing Assets/Low Poly Guns/Models using Guid(bcb561bb3fcd38947adadb609bc8340b) Importer(815301076,1909f56bfc062723c751e8b465ee728b)  -> (artifact id: 'a57b75f07481ba87589fda1753c8d39d') in 0.003569 seconds 
========================================================================
Received Import Request.
  Time since last request: 1.126245 seconds.
  path: Assets/Low Poly Guns/Models/Guns
  artifactKey: Guid(622949251c23ee64ba0b4df86da88911) Importer(815301076,1909f56bfc062723c751e8b465ee728b)
Start importing Assets/Low Poly Guns/Models/Guns using Guid(622949251c23ee64ba0b4df86da88911) Importer(815301076,1909f56bfc062723c751e8b465ee728b)  -> (artifact id: 'f34a6644e7b6e84cd70fefa2a3e5e988') in 0.002788 seconds 
========================================================================
Received Import Request.
  Time since last request: 4.022424 seconds.
  path: Assets/Low Poly Guns/Models/Guns/shotgun1
  artifactKey: Guid(583750b2fe53a6140a29b1ba373c342b) Importer(815301076,1909f56bfc062723c751e8b465ee728b)
Start importing Assets/Low Poly Guns/Models/Guns/shotgun1 using Guid(583750b2fe53a6140a29b1ba373c342b) Importer(815301076,1909f56bfc062723c751e8b465ee728b)  -> (artifact id: 'dadaddb0c15b5a9a6ee229fbe9ad8217') in 0.003081 seconds 
========================================================================
Received Import Request.
  Time since last request: 0.022890 seconds.
  path: Assets/Low Poly Guns/Models/Guns/shotgun1/shotgun1.fbx
  artifactKey: Guid(f62f7dc06bd890d4aab43b8fd635fe02) Importer(815301076,1909f56bfc062723c751e8b465ee728b)
Start importing Assets/Low Poly Guns/Models/Guns/shotgun1/shotgun1.fbx using Guid(f62f7dc06bd890d4aab43b8fd635fe02) Importer(815301076,1909f56bfc062723c751e8b465ee728b)  -> (artifact id: '5209b86639d2af9b1ea222f3cc4393d9') in 0.032981 seconds 
========================================================================
Received Import Request.
  Time since last request: 0.000023 seconds.
  path: Assets/Low Poly Guns/Models/Guns/shotgun1/shotgun1_normal.png
  artifactKey: Guid(34ba857ac0ec86642b16ca7d9553e349) Importer(815301076,1909f56bfc062723c751e8b465ee728b)
Start importing Assets/Low Poly Guns/Models/Guns/shotgun1/shotgun1_normal.png using Guid(34ba857ac0ec86642b16ca7d9553e349) Importer(815301076,1909f56bfc062723c751e8b465ee728b)  -> (artifact id: 'c66b3e735e875e40bfd442597baae445') in 0.043313 seconds 
========================================================================
Received Import Request.
  Time since last request: 323.386924 seconds.
  path: Assets/Low Poly Guns/Models/Guns/shotgun1/Materials
  artifactKey: Guid(b49109f427707f145ad165155f9d238c) Importer(815301076,1909f56bfc062723c751e8b465ee728b)
Start importing Assets/Low Poly Guns/Models/Guns/shotgun1/Materials using Guid(b49109f427707f145ad165155f9d238c) Importer(815301076,1909f56bfc062723c751e8b465ee728b)  -> (artifact id: '610ba11fcd89ac85b630a91329e7a944') in 0.002399 seconds 
========================================================================
Received Import Request.
  Time since last request: 0.050612 seconds.
  path: Assets/Low Poly Guns/Models/Guns/shotgun1/Materials/shotgun1_diffuse.mat
  artifactKey: Guid(5ce8c3e93b6c6a240b09d18bb323ade1) Importer(815301076,1909f56bfc062723c751e8b465ee728b)
Start importing Assets/Low Poly Guns/Models/Guns/shotgun1/Materials/shotgun1_diffuse.mat using Guid(5ce8c3e93b6c6a240b09d18bb323ade1) Importer(815301076,1909f56bfc062723c751e8b465ee728b)  -> (artifact id: 'b91f81e21d7864ea8584963e7163698e') in 0.019170 seconds 
========================================================================
Received Import Request.
  Time since last request: 333.743045 seconds.
  path: Assets/SimpleHands/Demo
  artifactKey: Guid(da5f137e90c3a47d19ada21eba2e5cfc) Importer(815301076,1909f56bfc062723c751e8b465ee728b)
Start importing Assets/SimpleHands/Demo using Guid(da5f137e90c3a47d19ada21eba2e5cfc) Importer(815301076,1909f56bfc062723c751e8b465ee728b)  -> (artifact id: '330c661fd19d499c1d80fdc8e45c4cc9') in 0.002545 seconds 
========================================================================
Received Import Request.
  Time since last request: 1.003058 seconds.
  path: Assets/SimpleHands/Demo/SimpleHands.unity
  artifactKey: Guid(cddec4710686f41f7beaf4c5498d7775) Importer(815301076,1909f56bfc062723c751e8b465ee728b)
Start importing Assets/SimpleHands/Demo/SimpleHands.unity using Guid(cddec4710686f41f7beaf4c5498d7775) Importer(815301076,1909f56bfc062723c751e8b465ee728b)  -> (artifact id: '348242f2854b9cd5f96cf9e7dc78b399') in 0.003332 seconds 
========================================================================
Received Import Request.
  Time since last request: 29.655170 seconds.
  path: Assets/SimpleHands/Materials/Black-Hand.mat
  artifactKey: Guid(9d4be41a1bffd4c23a37e05fa34360ab) Importer(815301076,1909f56bfc062723c751e8b465ee728b)
Start importing Assets/SimpleHands/Materials/Black-Hand.mat using Guid(9d4be41a1bffd4c23a37e05fa34360ab) Importer(815301076,1909f56bfc062723c751e8b465ee728b)  -> (artifact id: 'c4404fa56f070a644df987b74ffcf9cb') in 0.027491 seconds 
========================================================================
Received Import Request.
  Time since last request: 1.520366 seconds.
  path: Assets/SimpleHands/Prefabs/BlackHand.prefab
  artifactKey: Guid(250145e9ac4074b7bacc130ec1d651df) Importer(815301076,1909f56bfc062723c751e8b465ee728b)
Start importing Assets/SimpleHands/Prefabs/BlackHand.prefab using Guid(250145e9ac4074b7bacc130ec1d651df) Importer(815301076,1909f56bfc062723c751e8b465ee728b)  -> (artifact id: '8764283593b549975ae032de93902b83') in 0.023642 seconds 
========================================================================
Received Import Request.
  Time since last request: 1.001704 seconds.
  path: Assets/SimpleHands/Source/StylizedHand.fbx
  artifactKey: Guid(dbc44f6b99a984be3b652ea5127614d9) Importer(815301076,1909f56bfc062723c751e8b465ee728b)
Start importing Assets/SimpleHands/Source/StylizedHand.fbx using Guid(dbc44f6b99a984be3b652ea5127614d9) Importer(815301076,1909f56bfc062723c751e8b465ee728b)  -> (artifact id: 'f36d11d07f25c635c1c63babeebd43fd') in 0.031569 seconds 
========================================================================
Received Import Request.
  Time since last request: 4.225737 seconds.
  path: Assets/SimpleHands/Textures/B-Hand
  artifactKey: Guid(610c161d4376445ff8cabe0a0e8044ce) Importer(815301076,1909f56bfc062723c751e8b465ee728b)
Start importing Assets/SimpleHands/Textures/B-Hand using Guid(610c161d4376445ff8cabe0a0e8044ce) Importer(815301076,1909f56bfc062723c751e8b465ee728b)  -> (artifact id: '0d65b69c5387fd3d4021cdf9f19be247') in 0.002753 seconds 
========================================================================
Received Import Request.
  Time since last request: 0.428434 seconds.
  path: Assets/SimpleHands/Textures/W-Hand
  artifactKey: Guid(a2e036e1b8e434698b24341c863bfa30) Importer(815301076,1909f56bfc062723c751e8b465ee728b)
Start importing Assets/SimpleHands/Textures/W-Hand using Guid(a2e036e1b8e434698b24341c863bfa30) Importer(815301076,1909f56bfc062723c751e8b465ee728b)  -> (artifact id: '4b629de91f7a5fa9eee67d4f57dcfc8b') in 0.002547 seconds 
========================================================================
Received Import Request.
  Time since last request: 0.060701 seconds.
  path: Assets/SimpleHands/Textures/W-Hand/W-AO.png
  artifactKey: Guid(188e2771915f24b26b8e2976587ecad7) Importer(815301076,1909f56bfc062723c751e8b465ee728b)
Start importing Assets/SimpleHands/Textures/W-Hand/W-AO.png using Guid(188e2771915f24b26b8e2976587ecad7) Importer(815301076,1909f56bfc062723c751e8b465ee728b)  -> (artifact id: 'a72753f438715870387cf55eb21f743c') in 0.017691 seconds 
========================================================================
Received Import Request.
  Time since last request: 0.000026 seconds.
  path: Assets/SimpleHands/Textures/W-Hand/W-M.png
  artifactKey: Guid(9806c8981db3d4a5d9825b879a8af6e2) Importer(815301076,1909f56bfc062723c751e8b465ee728b)
Start importing Assets/SimpleHands/Textures/W-Hand/W-M.png using Guid(9806c8981db3d4a5d9825b879a8af6e2) Importer(815301076,1909f56bfc062723c751e8b465ee728b)  -> (artifact id: '7dff0ec4fc06605bed05ffa6cf4ef962') in 0.015530 seconds 
========================================================================
Received Import Request.
  Time since last request: 10.832843 seconds.
  path: Assets/SimpleHands/Textures/W-Hand/Materials
  artifactKey: Guid(a7d0ee7ea82f3b346971a79cd2799c18) Importer(815301076,1909f56bfc062723c751e8b465ee728b)
Start importing Assets/SimpleHands/Textures/W-Hand/Materials using Guid(a7d0ee7ea82f3b346971a79cd2799c18) Importer(815301076,1909f56bfc062723c751e8b465ee728b)  -> (artifact id: '8fd00f7356aff8f08d9ffb35589b925a') in 0.002826 seconds 
========================================================================
Received Import Request.
  Time since last request: 0.042353 seconds.
  path: Assets/SimpleHands/Textures/W-Hand/Materials/W-Base.mat
  artifactKey: Guid(8ff5600fd38f3394da1115ee2217c7ce) Importer(815301076,1909f56bfc062723c751e8b465ee728b)
Start importing Assets/SimpleHands/Textures/W-Hand/Materials/W-Base.mat using Guid(8ff5600fd38f3394da1115ee2217c7ce) Importer(815301076,1909f56bfc062723c751e8b465ee728b)  -> (artifact id: 'ed9ed8404c6d420dfaf3854ef57c5b40') in 0.013749 seconds 
========================================================================
Received Import Request.
  Time since last request: 35.547802 seconds.
  path: Assets/Scenes/SampleScene.unity
  artifactKey: Guid(9fc0d4010bbf28b4594072e72b8655ab) Importer(815301076,1909f56bfc062723c751e8b465ee728b)
Start importing Assets/Scenes/SampleScene.unity using Guid(9fc0d4010bbf28b4594072e72b8655ab) Importer(815301076,1909f56bfc062723c751e8b465ee728b)  -> (artifact id: '9fec2e53282694c7d0a754765dd4d442') in 0.002583 seconds 
========================================================================
Received Import Request.
  Time since last request: 11.506152 seconds.
  path: Assets/SimpleHands/Textures/W-Hand/Materials/W-AO.mat
  artifactKey: Guid(a6a815c17f0ce5e4894ccbd88e54c4e9) Importer(815301076,1909f56bfc062723c751e8b465ee728b)
Start importing Assets/SimpleHands/Textures/W-Hand/Materials/W-AO.mat using Guid(a6a815c17f0ce5e4894ccbd88e54c4e9) Importer(815301076,1909f56bfc062723c751e8b465ee728b)  -> (artifact id: '871a7863322c52f08ab0d798c1848209') in 0.014724 seconds 
